#
# There is insufficient memory for the Java Runtime Environment to continue.
# Native memory allocation (mmap) failed to map 691011584 bytes for Failed to commit area from 0x0000000099100000 to 0x00000000c2400000 of length 691011584.
# Possible reasons:
#   The system is out of physical RAM or swap space
#   The process is running with CompressedOops enabled, and the Java Heap may be blocking the growth of the native heap
# Possible solutions:
#   Reduce memory load on the system
#   Increase physical memory or swap space
#   Check if swap backing store is full
#   Decrease Java heap size (-Xmx/-Xms)
#   Decrease number of Java threads
#   Decrease Java thread stack sizes (-Xss)
#   Set larger code cache with -XX:ReservedCodeCacheSize=
#   JVM is running with Unscaled Compressed Oops mode in which the Java heap is
#     placed in the first 4GB address space. The Java Heap base address is the
#     maximum limit for the native heap growth. Please use -XX:HeapBaseMinAddress
#     to set the Java Heap base and to place the Java Heap above 4GB virtual address.
# This output file may be truncated or incomplete.
#
#  Out of Memory Error (./src/hotspot/os/windows/os_windows.cpp:3303), pid=6080, tid=4868
#
# JRE version: OpenJDK Runtime Environment (11.0.8+10) (build 11.0.8+10-b944.6842174)
# Java VM: OpenJDK 64-Bit Server VM (11.0.8+10-b944.6842174, mixed mode, tiered, compressed oops, g1 gc, windows-amd64)
# No core dump will be written. Minidumps are not enabled by default on client versions of Windows
#

---------------  S U M M A R Y ------------

Command Line: --add-opens=java.base/java.util=ALL-UNNAMED --add-opens=java.base/java.lang=ALL-UNNAMED --add-opens=java.base/java.lang.invoke=ALL-UNNAMED --add-opens=java.prefs/java.util.prefs=ALL-UNNAMED -Xmx2048m -Dfile.encoding=UTF-8 -Duser.country=US -Duser.language=en -Duser.variant org.gradle.launcher.daemon.bootstrap.GradleDaemon 6.7.1

Host: Intel(R) Core(TM) i3-3227U CPU @ 1.90GHz, 4 cores, 3G,  Windows 8.1 , 64 bit Build 9600 (6.3.9600.19994)
Time: Wed May 19 10:37:52 2021 India Standard Time elapsed time: 780 seconds (0d 0h 13m 0s)

---------------  T H R E A D  ---------------

Current thread (0x000000ee7ba4d000):  VMThread "VM Thread" [stack: 0x000000ee7c2a0000,0x000000ee7c3a0000] [id=4868]

Stack: [0x000000ee7c2a0000,0x000000ee7c3a0000]
[error occurred during error reporting (printing stack bounds), id 0xc0000005, EXCEPTION_ACCESS_VIOLATION (0xc0000005) at pc=0x000000ee65460dad]

Native frames: (J=compiled Java code, j=interpreted, Vv=VM code, C=native code)
V  [jvm.dll+0x5de50a]
V  [jvm.dll+0x7122f5]
V  [jvm.dll+0x71384d]
V  [jvm.dll+0x713e65]
V  [jvm.dll+0x713e1b]
V  [jvm.dll+0x5dd958]
V  [jvm.dll+0x5de0f8]
C  [ntdll.dll+0x9333d]
C  [ntdll.dll+0x54997]
C  [ntdll.dll+0x924ca]
C  0x000000ee65460dad

VM_Operation (0x000000ee07b1e680): G1CollectForAllocation, mode: safepoint, requested by thread 0x000000ee105d6800


---------------  P R O C E S S  ---------------

Threads class SMR info:
_java_thread_list=0x000000ee0f3ecfd0, length=57, elements={
0x000000ee61b13000, 0x000000ee7ba54800, 0x000000ee7ba55800, 0x000000ee7c5e3800,
0x000000ee7ba6a800, 0x000000ee7ba6e000, 0x000000ee7ba77800, 0x000000ee7ba7b000,
0x000000ee7c729800, 0x000000ee7c748800, 0x000000ee7ee75800, 0x000000ee7dbfd000,
0x000000ee7e681800, 0x000000ee7c768000, 0x000000ee7c769800, 0x000000ee7c767000,
0x000000ee7c76c000, 0x000000ee7e8a9800, 0x000000ee7d61f000, 0x000000ee7d624800,
0x000000ee7d616800, 0x000000ee7d619000, 0x000000ee7d61a000, 0x000000ee7d617800,
0x000000ee7d618800, 0x000000ee7d61d000, 0x000000ee7d61b800, 0x000000ee7d61a800,
0x000000ee7d61f800, 0x000000ee7d61e000, 0x000000ee7d620800, 0x000000ee7d623000,
0x000000ee7d622000, 0x000000ee7d623800, 0x000000ee7d625800, 0x000000ee7ef15000,
0x000000ee7ef15800, 0x000000ee7ef19000, 0x000000ee7ef18000, 0x000000ee7ef16800,
0x000000ee7ef17800, 0x000000ee7ef19800, 0x000000ee7ef1a800, 0x000000ee7ef1c000,
0x000000ee7d621800, 0x000000ee105cd000, 0x000000ee105d1800, 0x000000ee105d1000,
0x000000ee105cf000, 0x000000ee105d4000, 0x000000ee105d3800, 0x000000ee105d8000,
0x000000ee105ce800, 0x000000ee105cd800, 0x000000ee105d7800, 0x000000ee105d9000,
0x000000ee105d6800
}

Java Threads: ( => current thread )
  0x000000ee61b13000 JavaThread "main" [_thread_blocked, id=2880, stack(0x000000ee611c0000,0x000000ee612c0000)]
  0x000000ee7ba54800 JavaThread "Reference Handler" daemon [_thread_blocked, id=5204, stack(0x000000ee7c3a0000,0x000000ee7c4a0000)]
  0x000000ee7ba55800 JavaThread "Finalizer" daemon [_thread_blocked, id=956, stack(0x000000ee7c4a0000,0x000000ee7c5a0000)]
  0x000000ee7c5e3800 JavaThread "Signal Dispatcher" daemon [_thread_blocked, id=4716, stack(0x000000ee7c9a0000,0x000000ee7caa0000)]
  0x000000ee7ba6a800 JavaThread "Attach Listener" daemon [_thread_blocked, id=6768, stack(0x000000ee7caa0000,0x000000ee7cba0000)]
  0x000000ee7ba6e000 JavaThread "C2 CompilerThread0" daemon [_thread_blocked, id=2612, stack(0x000000ee7cba0000,0x000000ee7cca0000)]
  0x000000ee7ba77800 JavaThread "C1 CompilerThread0" daemon [_thread_blocked, id=6092, stack(0x000000ee7cca0000,0x000000ee7cda0000)]
  0x000000ee7ba7b000 JavaThread "Sweeper thread" daemon [_thread_blocked, id=3452, stack(0x000000ee7cda0000,0x000000ee7cea0000)]
  0x000000ee7c729800 JavaThread "Common-Cleaner" daemon [_thread_blocked, id=4192, stack(0x000000ee7cea0000,0x000000ee7cfa0000)]
  0x000000ee7c748800 JavaThread "Service Thread" daemon [_thread_blocked, id=2388, stack(0x000000ee7cfa0000,0x000000ee7d0a0000)]
  0x000000ee7ee75800 JavaThread "Daemon health stats" [_thread_blocked, id=6172, stack(0x000000ee00000000,0x000000ee00100000)]
  0x000000ee7dbfd000 JavaThread "Incoming local TCP Connector on port 63179" [_thread_in_native, id=6300, stack(0x000000ee008e0000,0x000000ee009e0000)]
  0x000000ee7e681800 JavaThread "Daemon periodic checks" [_thread_blocked, id=1428, stack(0x000000ee00ad0000,0x000000ee00bd0000)]
  0x000000ee7c768000 JavaThread "Cache worker for file hash cache (C:\Users\machindra\.gradle\caches\6.7.1\fileHashes)" [_thread_blocked, id=7088, stack(0x000000ee017d0000,0x000000ee018d0000)]
  0x000000ee7c769800 JavaThread "File lock request listener" [_thread_in_native, id=180, stack(0x000000ee018d0000,0x000000ee019d0000)]
  0x000000ee7c767000 JavaThread "Cache worker for journal cache (C:\Users\machindra\.gradle\caches\journal-1)" [_thread_blocked, id=5228, stack(0x000000ee01bd0000,0x000000ee01cd0000)]
  0x000000ee7c76c000 JavaThread "Cache worker for execution history cache (C:\Users\machindra\.gradle\caches\6.7.1\executionHistory)" [_thread_blocked, id=2272, stack(0x000000ee036e0000,0x000000ee037e0000)]
  0x000000ee7e8a9800 JavaThread "Cache worker for file content cache (C:\Users\machindra\.gradle\caches\6.7.1\fileContent)" [_thread_blocked, id=5040, stack(0x000000ee03ee0000,0x000000ee03fe0000)]
  0x000000ee7d61f000 JavaThread "Memory manager" [_thread_blocked, id=836, stack(0x000000ee0db20000,0x000000ee0dc20000)]
  0x000000ee7d624800 JavaThread "pool-3-thread-1" [_thread_blocked, id=2280, stack(0x000000ee0f620000,0x000000ee0f720000)]
  0x000000ee7d616800 JavaThread "Daemon Thread 2" [_thread_blocked, id=6148, stack(0x000000ee007e0000,0x000000ee008e0000)]
  0x000000ee7d619000 JavaThread "Handler for socket connection from /127.0.0.1:63179 to /127.0.0.1:63188" [_thread_in_native, id=5236, stack(0x000000ee00dd0000,0x000000ee00ed0000)]
  0x000000ee7d61a000 JavaThread "Cancel handler" [_thread_blocked, id=5240, stack(0x000000ee011d0000,0x000000ee012d0000)]
  0x000000ee7d617800 JavaThread "Daemon worker Thread 2" [_thread_blocked, id=3216, stack(0x000000ee012d0000,0x000000ee013d0000)]
  0x000000ee7d618800 JavaThread "Asynchronous log dispatcher for DefaultDaemonConnection: socket connection from /127.0.0.1:63179 to /127.0.0.1:63188" [_thread_blocked, id=4472, stack(0x000000ee013d0000,0x000000ee014d0000)]
  0x000000ee7d61d000 JavaThread "Thread-153" [_thread_blocked, id=2640, stack(0x000000ee02ea0000,0x000000ee02fa0000)]
  0x000000ee7d61b800 JavaThread "Cache worker for file hash cache (C:\Users\machindra\AndroidStudioProjects\MyTelephony\.gradle\6.7.1\fileHashes)" [_thread_blocked, id=4028, stack(0x000000ee031a0000,0x000000ee032a0000)]
  0x000000ee7d61a800 JavaThread "Cache worker for checksums cache (C:\Users\machindra\AndroidStudioProjects\MyTelephony\.gradle\checksums)" [_thread_blocked, id=3140, stack(0x000000ee032a0000,0x000000ee033a0000)]
  0x000000ee7d61f800 JavaThread "Cache worker for cache directory md-supplier (C:\Users\machindra\.gradle\caches\6.7.1\md-supplier)" [_thread_blocked, id=7132, stack(0x000000ee033a0000,0x000000ee034a0000)]
  0x000000ee7d61e000 JavaThread "Cache worker for cache directory md-rule (C:\Users\machindra\.gradle\caches\6.7.1\md-rule)" [_thread_blocked, id=6732, stack(0x000000ee039e0000,0x000000ee03ae0000)]
  0x000000ee7d620800 JavaThread "Cache worker for Build Output Cleanup Cache (C:\Users\machindra\AndroidStudioProjects\MyTelephony\.gradle\buildOutputCleanup)" [_thread_blocked, id=6672, stack(0x000000ee043e0000,0x000000ee044e0000)]
  0x000000ee7d623000 JavaThread "Build operations" [_thread_blocked, id=1304, stack(0x000000ee045e0000,0x000000ee046e0000)]
  0x000000ee7d622000 JavaThread "Build operations Thread 2" [_thread_blocked, id=6624, stack(0x000000ee05df0000,0x000000ee05ef0000)]
  0x000000ee7d623800 JavaThread "Build operations Thread 3" [_thread_blocked, id=6204, stack(0x000000ee05ef0000,0x000000ee05ff0000)]
  0x000000ee7d625800 JavaThread "Build operations Thread 4" [_thread_blocked, id=3548, stack(0x000000ee05ff0000,0x000000ee060f0000)]
  0x000000ee7ef15000 JavaThread "build event listener" [_thread_blocked, id=3948, stack(0x000000ee11430000,0x000000ee11530000)]
  0x000000ee7ef15800 JavaThread "pool-6-thread-1" [_thread_blocked, id=6920, stack(0x000000ee11b50000,0x000000ee11c50000)]
  0x000000ee7ef19000 JavaThread "build event listener" [_thread_blocked, id=5092, stack(0x000000ee11c50000,0x000000ee11d50000)]
  0x000000ee7ef18000 JavaThread "Execution worker for ':'" [_thread_blocked, id=3952, stack(0x000000ee11d50000,0x000000ee11e50000)]
  0x000000ee7ef16800 JavaThread "Execution worker for ':' Thread 2" [_thread_blocked, id=3272, stack(0x000000ee11e50000,0x000000ee11f50000)]
  0x000000ee7ef17800 JavaThread "Execution worker for ':' Thread 3" [_thread_blocked, id=1708, stack(0x000000ee11f50000,0x000000ee12050000)]
  0x000000ee7ef19800 JavaThread "Cache worker for execution history cache (C:\Users\machindra\AndroidStudioProjects\MyTelephony\.gradle\6.7.1\executionHistory)" [_thread_blocked, id=6740, stack(0x000000ee12050000,0x000000ee12150000)]
  0x000000ee7ef1a800 JavaThread "WorkerExecutor Queue" [_thread_blocked, id=1836, stack(0x000000ee0fe80000,0x000000ee0ff80000)]
  0x000000ee7ef1c000 JavaThread "Java2D Disposer" daemon [_thread_blocked, id=4584, stack(0x000000ee12900000,0x000000ee12a00000)]
  0x000000ee7d621800 JavaThread "WorkerExecutor Queue Thread 5" [_thread_blocked, id=7128, stack(0x000000ee044e0000,0x000000ee045e0000)]
  0x000000ee105cd000 JavaThread "WorkerExecutor Queue Thread 6" [_thread_blocked, id=6788, stack(0x000000ee12450000,0x000000ee12550000)]
  0x000000ee105d1800 JavaThread "RMI Scheduler(0)" daemon [_thread_blocked, id=5024, stack(0x000000ee014d0000,0x000000ee015d0000)]
  0x000000ee105d1000 JavaThread "RMI GC Daemon" daemon [_thread_blocked, id=6772, stack(0x000000ee063f0000,0x000000ee064f0000)]
  0x000000ee105cf000 JavaThread "RMI TCP Accept-0" daemon [_thread_in_native, id=5436, stack(0x000000ee064f0000,0x000000ee065f0000)]
  0x000000ee105d4000 JavaThread "RMI Reaper" [_thread_blocked, id=5956, stack(0x000000ee065f0000,0x000000ee066f0000)]
  0x000000ee105d3800 JavaThread "Cache worker for Java compile cache (C:\Users\machindra\.gradle\caches\6.7.1\javaCompile)" [_thread_blocked, id=4952, stack(0x000000ee069f0000,0x000000ee06af0000)]
  0x000000ee105d8000 JavaThread "Cache worker for Java compile cache (C:\Users\machindra\AndroidStudioProjects\MyTelephony\.gradle\6.7.1\javaCompile)" [_thread_blocked, id=5520, stack(0x000000ee06af0000,0x000000ee06bf0000)]
  0x000000ee105ce800 JavaThread "WorkerExecutor Queue Thread 8" [_thread_blocked, id=1888, stack(0x000000ee062f0000,0x000000ee063f0000)]
  0x000000ee105cd800 JavaThread "ForkJoinPool-2-worker-3" daemon [_thread_blocked, id=2076, stack(0x000000ee07720000,0x000000ee07820000)]
  0x000000ee105d7800 JavaThread "ForkJoinPool-2-worker-5" daemon [_thread_blocked, id=7048, stack(0x000000ee07820000,0x000000ee07920000)]
  0x000000ee105d9000 JavaThread "ForkJoinPool-2-worker-7" daemon [_thread_blocked, id=2652, stack(0x000000ee07920000,0x000000ee07a20000)]
  0x000000ee105d6800 JavaThread "ForkJoinPool-2-worker-1" daemon [_thread_blocked, id=5516, stack(0x000000ee07a20000,0x000000ee07b20000)]

Other Threads:
=>0x000000ee7ba4d000 VMThread "VM Thread" [stack: 0x000000ee7c2a0000,0x000000ee7c3a0000] [id=4868]
  0x000000ee7c749800 WatcherThread [stack: 0x000000ee7d0a0000,0x000000ee7d1a0000] [id=5056]
  0x000000ee61b2b800 GCTaskThread "GC Thread#0" [stack: 0x000000ee614a0000,0x000000ee615a0000] [id=6712]
  0x000000ee7d99e800 GCTaskThread "GC Thread#1" [stack: 0x000000ee7e970000,0x000000ee7ea70000] [id=428]
  0x000000ee7c90a800 GCTaskThread "GC Thread#2" [stack: 0x000000ee00300000,0x000000ee00400000] [id=2844]
  0x000000ee7e736000 GCTaskThread "GC Thread#3" [stack: 0x000000ee00400000,0x000000ee00500000] [id=1156]
  0x000000ee61b5c800 ConcurrentGCThread "G1 Main Marker" [stack: 0x000000ee79060000,0x000000ee79160000] [id=2336]
  0x000000ee61b5e000 ConcurrentGCThread "G1 Conc#0" [stack: 0x000000ee79160000,0x000000ee79260000] [id=5696]
  0x000000ee61bb9800 ConcurrentGCThread "G1 Refine#0" [stack: 0x000000ee7b6a0000,0x000000ee7b7a0000] [id=2260]
  0x000000ee132b9800 ConcurrentGCThread "G1 Refine#1" [stack: 0x000000ee150c0000,0x000000ee151c0000] [id=2636]
  0x000000ee050da000 ConcurrentGCThread "G1 Refine#2" [stack: 0x000000ee066f0000,0x000000ee067f0000] [id=3276]
  0x000000ee61bbb800 ConcurrentGCThread "G1 Young RemSet Sampling" [stack: 0x000000ee7b7a0000,0x000000ee7b8a0000] [id=4404]

Threads with active compile tasks:
C2 CompilerThread0 788334 19183 %     4       com.android.tools.r8.dex.n::a @ 315 (913 bytes)
C1 CompilerThread0 788334 19583 % !   3       com.android.tools.r8.dex.r::c @ 13 (2750 bytes)

VM state:at safepoint (normal execution)

VM Mutex/Monitor currently owned by a thread:  ([mutex/lock_event])
[0x000000ee61b10120] Threads_lock - owner thread: 0x000000ee7ba4d000
[0x000000ee61b114d0] Heap_lock - owner thread: 0x000000ee105d6800

Heap address: 0x0000000080000000, size: 2048 MB, Compressed Oops mode: 32-bit
Narrow klass base: 0x0000000000000000, Narrow klass shift: 3
Compressed class space size: 1073741824 Address: 0x0000000100000000

Heap:
 garbage-first heap   total 1085440K, used 208979K [0x0000000080000000, 0x0000000100000000)
  region size 1024K, 3 young (3072K), 3 survivors (3072K)
 Metaspace       used 124902K, capacity 127922K, committed 128384K, reserved 1161216K
  class space    used 15474K, capacity 16579K, committed 16768K, reserved 1048576K
Heap Regions: E=young(eden), S=young(survivor), O=old, HS=humongous(starts), HC=humongous(continues), CS=collection set, F=free, A=archive, TAMS=top-at-mark-start (previous, next)
|   0|0x0000000080000000, 0x0000000080100000, 0x0000000080100000|100%| O|  |TAMS 0x0000000080100000, 0x0000000080100000| Untracked 
|   1|0x0000000080100000, 0x0000000080200000, 0x0000000080200000|100%| O|  |TAMS 0x0000000080200000, 0x0000000080200000| Untracked 
|   2|0x0000000080200000, 0x0000000080300000, 0x0000000080300000|100%| O|  |TAMS 0x0000000080300000, 0x0000000080300000| Untracked 
|   3|0x0000000080300000, 0x0000000080400000, 0x0000000080400000|100%|HS|  |TAMS 0x0000000080400000, 0x0000000080400000| Complete 
|   4|0x0000000080400000, 0x0000000080500000, 0x0000000080500000|100%|HC|  |TAMS 0x0000000080500000, 0x0000000080500000| Complete 
|   5|0x0000000080500000, 0x0000000080600000, 0x0000000080600000|100%|HC|  |TAMS 0x0000000080600000, 0x0000000080600000| Complete 
|   6|0x0000000080600000, 0x0000000080700000, 0x0000000080700000|100%| O|  |TAMS 0x0000000080700000, 0x0000000080700000| Untracked 
|   7|0x0000000080700000, 0x0000000080800000, 0x0000000080800000|100%| O|  |TAMS 0x0000000080800000, 0x0000000080800000| Untracked 
|   8|0x0000000080800000, 0x0000000080900000, 0x0000000080900000|100%| O|  |TAMS 0x0000000080900000, 0x0000000080900000| Untracked 
|   9|0x0000000080900000, 0x0000000080a00000, 0x0000000080a00000|100%| O|  |TAMS 0x0000000080a00000, 0x0000000080a00000| Untracked 
|  10|0x0000000080a00000, 0x0000000080b00000, 0x0000000080b00000|100%| O|  |TAMS 0x0000000080b00000, 0x0000000080b00000| Untracked 
|  11|0x0000000080b00000, 0x0000000080c00000, 0x0000000080c00000|100%| O|  |TAMS 0x0000000080c00000, 0x0000000080c00000| Untracked 
|  12|0x0000000080c00000, 0x0000000080d00000, 0x0000000080d00000|100%| O|  |TAMS 0x0000000080d00000, 0x0000000080d00000| Untracked 
|  13|0x0000000080d00000, 0x0000000080e00000, 0x0000000080e00000|100%| O|  |TAMS 0x0000000080e00000, 0x0000000080e00000| Untracked 
|  14|0x0000000080e00000, 0x0000000080f00000, 0x0000000080f00000|100%| O|  |TAMS 0x0000000080f00000, 0x0000000080f00000| Untracked 
|  15|0x0000000080f00000, 0x0000000081000000, 0x0000000081000000|100%| O|  |TAMS 0x0000000081000000, 0x0000000081000000| Untracked 
|  16|0x0000000081000000, 0x0000000081100000, 0x0000000081100000|100%| O|  |TAMS 0x0000000081100000, 0x0000000081100000| Untracked 
|  17|0x0000000081100000, 0x0000000081200000, 0x0000000081200000|100%| O|  |TAMS 0x0000000081200000, 0x0000000081200000| Untracked 
|  18|0x0000000081200000, 0x0000000081300000, 0x0000000081300000|100%| O|  |TAMS 0x0000000081300000, 0x0000000081300000| Untracked 
|  19|0x0000000081300000, 0x0000000081400000, 0x0000000081400000|100%| O|  |TAMS 0x0000000081400000, 0x0000000081400000| Untracked 
|  20|0x0000000081400000, 0x0000000081500000, 0x0000000081500000|100%| O|  |TAMS 0x0000000081500000, 0x0000000081500000| Untracked 
|  21|0x0000000081500000, 0x0000000081600000, 0x0000000081600000|100%| O|  |TAMS 0x0000000081600000, 0x0000000081600000| Untracked 
|  22|0x0000000081600000, 0x0000000081700000, 0x0000000081700000|100%| O|  |TAMS 0x0000000081700000, 0x0000000081700000| Untracked 
|  23|0x0000000081700000, 0x0000000081800000, 0x0000000081800000|100%|HS|  |TAMS 0x0000000081800000, 0x0000000081800000| Complete 
|  24|0x0000000081800000, 0x0000000081900000, 0x0000000081900000|100%|HS|  |TAMS 0x0000000081900000, 0x0000000081900000| Complete 
|  25|0x0000000081900000, 0x0000000081a00000, 0x0000000081a00000|100%|HC|  |TAMS 0x0000000081a00000, 0x0000000081a00000| Complete 
|  26|0x0000000081a00000, 0x0000000081b00000, 0x0000000081b00000|100%|HC|  |TAMS 0x0000000081b00000, 0x0000000081b00000| Complete 
|  27|0x0000000081b00000, 0x0000000081c00000, 0x0000000081c00000|100%| O|  |TAMS 0x0000000081c00000, 0x0000000081c00000| Untracked 
|  28|0x0000000081c00000, 0x0000000081d00000, 0x0000000081d00000|100%| O|  |TAMS 0x0000000081d00000, 0x0000000081d00000| Untracked 
|  29|0x0000000081d00000, 0x0000000081e00000, 0x0000000081e00000|100%| O|  |TAMS 0x0000000081e00000, 0x0000000081e00000| Untracked 
|  30|0x0000000081e00000, 0x0000000081f00000, 0x0000000081f00000|100%| O|  |TAMS 0x0000000081f00000, 0x0000000081f00000| Untracked 
|  31|0x0000000081f00000, 0x0000000082000000, 0x0000000082000000|100%| O|  |TAMS 0x0000000082000000, 0x0000000082000000| Untracked 
|  32|0x0000000082000000, 0x0000000082100000, 0x0000000082100000|100%|HS|  |TAMS 0x0000000082100000, 0x0000000082100000| Complete 
|  33|0x0000000082100000, 0x0000000082200000, 0x0000000082200000|100%|HC|  |TAMS 0x0000000082200000, 0x0000000082200000| Complete 
|  34|0x0000000082200000, 0x0000000082300000, 0x0000000082300000|100%| O|  |TAMS 0x0000000082300000, 0x0000000082300000| Untracked 
|  35|0x0000000082300000, 0x0000000082400000, 0x0000000082400000|100%| O|  |TAMS 0x0000000082400000, 0x0000000082400000| Untracked 
|  36|0x0000000082400000, 0x0000000082500000, 0x0000000082500000|100%| O|  |TAMS 0x0000000082500000, 0x0000000082500000| Untracked 
|  37|0x0000000082500000, 0x0000000082600000, 0x0000000082600000|100%| O|  |TAMS 0x0000000082600000, 0x0000000082600000| Untracked 
|  38|0x0000000082600000, 0x0000000082700000, 0x0000000082700000|100%| O|  |TAMS 0x0000000082700000, 0x0000000082700000| Untracked 
|  39|0x0000000082700000, 0x0000000082800000, 0x0000000082800000|100%| O|  |TAMS 0x0000000082800000, 0x0000000082800000| Untracked 
|  40|0x0000000082800000, 0x0000000082900000, 0x0000000082900000|100%| O|  |TAMS 0x0000000082900000, 0x0000000082900000| Untracked 
|  41|0x0000000082900000, 0x0000000082a00000, 0x0000000082a00000|100%| O|  |TAMS 0x0000000082a00000, 0x0000000082a00000| Untracked 
|  42|0x0000000082a00000, 0x0000000082b00000, 0x0000000082b00000|100%| O|  |TAMS 0x0000000082b00000, 0x0000000082b00000| Untracked 
|  43|0x0000000082b00000, 0x0000000082c00000, 0x0000000082c00000|100%| O|  |TAMS 0x0000000082c00000, 0x0000000082c00000| Untracked 
|  44|0x0000000082c00000, 0x0000000082d00000, 0x0000000082d00000|100%| O|  |TAMS 0x0000000082d00000, 0x0000000082d00000| Untracked 
|  45|0x0000000082d00000, 0x0000000082e00000, 0x0000000082e00000|100%| O|  |TAMS 0x0000000082e00000, 0x0000000082e00000| Untracked 
|  46|0x0000000082e00000, 0x0000000082f00000, 0x0000000082f00000|100%| O|  |TAMS 0x0000000082f00000, 0x0000000082f00000| Untracked 
|  47|0x0000000082f00000, 0x0000000083000000, 0x0000000083000000|100%| O|  |TAMS 0x0000000083000000, 0x0000000083000000| Untracked 
|  48|0x0000000083000000, 0x0000000083100000, 0x0000000083100000|100%| O|  |TAMS 0x0000000083100000, 0x0000000083100000| Untracked 
|  49|0x0000000083100000, 0x0000000083200000, 0x0000000083200000|100%| O|  |TAMS 0x0000000083200000, 0x0000000083200000| Untracked 
|  50|0x0000000083200000, 0x0000000083300000, 0x0000000083300000|100%| O|  |TAMS 0x0000000083300000, 0x0000000083300000| Untracked 
|  51|0x0000000083300000, 0x0000000083400000, 0x0000000083400000|100%| O|  |TAMS 0x0000000083400000, 0x0000000083400000| Untracked 
|  52|0x0000000083400000, 0x0000000083500000, 0x0000000083500000|100%| O|  |TAMS 0x0000000083500000, 0x0000000083500000| Untracked 
|  53|0x0000000083500000, 0x0000000083600000, 0x0000000083600000|100%| O|  |TAMS 0x0000000083600000, 0x0000000083600000| Untracked 
|  54|0x0000000083600000, 0x0000000083700000, 0x0000000083700000|100%| O|  |TAMS 0x0000000083700000, 0x0000000083700000| Untracked 
|  55|0x0000000083700000, 0x0000000083800000, 0x0000000083800000|100%| O|  |TAMS 0x0000000083800000, 0x0000000083800000| Untracked 
|  56|0x0000000083800000, 0x0000000083900000, 0x0000000083900000|100%| O|  |TAMS 0x0000000083900000, 0x0000000083900000| Untracked 
|  57|0x0000000083900000, 0x0000000083a00000, 0x0000000083a00000|100%| O|  |TAMS 0x0000000083a00000, 0x0000000083a00000| Untracked 
|  58|0x0000000083a00000, 0x0000000083b00000, 0x0000000083b00000|100%| O|  |TAMS 0x0000000083b00000, 0x0000000083b00000| Untracked 
|  59|0x0000000083b00000, 0x0000000083c00000, 0x0000000083c00000|100%| O|  |TAMS 0x0000000083c00000, 0x0000000083c00000| Untracked 
|  60|0x0000000083c00000, 0x0000000083d00000, 0x0000000083d00000|100%| O|  |TAMS 0x0000000083d00000, 0x0000000083d00000| Untracked 
|  61|0x0000000083d00000, 0x0000000083e00000, 0x0000000083e00000|100%| O|  |TAMS 0x0000000083e00000, 0x0000000083e00000| Untracked 
|  62|0x0000000083e00000, 0x0000000083f00000, 0x0000000083f00000|100%| O|  |TAMS 0x0000000083f00000, 0x0000000083f00000| Untracked 
|  63|0x0000000083f00000, 0x0000000084000000, 0x0000000084000000|100%| O|  |TAMS 0x0000000084000000, 0x0000000084000000| Untracked 
|  64|0x0000000084000000, 0x0000000084100000, 0x0000000084100000|100%| O|  |TAMS 0x0000000084100000, 0x0000000084100000| Untracked 
|  65|0x0000000084100000, 0x0000000084200000, 0x0000000084200000|100%| O|  |TAMS 0x0000000084200000, 0x0000000084200000| Untracked 
|  66|0x0000000084200000, 0x0000000084300000, 0x0000000084300000|100%| O|  |TAMS 0x0000000084300000, 0x0000000084300000| Untracked 
|  67|0x0000000084300000, 0x0000000084400000, 0x0000000084400000|100%| O|  |TAMS 0x0000000084400000, 0x0000000084400000| Untracked 
|  68|0x0000000084400000, 0x0000000084500000, 0x0000000084500000|100%| O|  |TAMS 0x0000000084500000, 0x0000000084500000| Untracked 
|  69|0x0000000084500000, 0x0000000084600000, 0x0000000084600000|100%| O|  |TAMS 0x0000000084600000, 0x0000000084600000| Untracked 
|  70|0x0000000084600000, 0x0000000084700000, 0x0000000084700000|100%| O|  |TAMS 0x0000000084700000, 0x0000000084700000| Untracked 
|  71|0x0000000084700000, 0x0000000084800000, 0x0000000084800000|100%| O|  |TAMS 0x0000000084800000, 0x0000000084800000| Untracked 
|  72|0x0000000084800000, 0x0000000084900000, 0x0000000084900000|100%| O|  |TAMS 0x0000000084900000, 0x0000000084900000| Untracked 
|  73|0x0000000084900000, 0x0000000084a00000, 0x0000000084a00000|100%| O|  |TAMS 0x0000000084a00000, 0x0000000084a00000| Untracked 
|  74|0x0000000084a00000, 0x0000000084b00000, 0x0000000084b00000|100%| O|  |TAMS 0x0000000084b00000, 0x0000000084b00000| Untracked 
|  75|0x0000000084b00000, 0x0000000084c00000, 0x0000000084c00000|100%| O|  |TAMS 0x0000000084c00000, 0x0000000084c00000| Untracked 
|  76|0x0000000084c00000, 0x0000000084d00000, 0x0000000084d00000|100%| O|  |TAMS 0x0000000084d00000, 0x0000000084d00000| Untracked 
|  77|0x0000000084d00000, 0x0000000084e00000, 0x0000000084e00000|100%| O|  |TAMS 0x0000000084e00000, 0x0000000084e00000| Untracked 
|  78|0x0000000084e00000, 0x0000000084f00000, 0x0000000084f00000|100%| O|  |TAMS 0x0000000084f00000, 0x0000000084f00000| Untracked 
|  79|0x0000000084f00000, 0x0000000085000000, 0x0000000085000000|100%| O|  |TAMS 0x0000000085000000, 0x0000000085000000| Untracked 
|  80|0x0000000085000000, 0x0000000085100000, 0x0000000085100000|100%| O|  |TAMS 0x0000000085100000, 0x0000000085100000| Untracked 
|  81|0x0000000085100000, 0x0000000085200000, 0x0000000085200000|100%| O|  |TAMS 0x0000000085200000, 0x0000000085200000| Untracked 
|  82|0x0000000085200000, 0x0000000085300000, 0x0000000085300000|100%| O|  |TAMS 0x0000000085300000, 0x0000000085300000| Untracked 
|  83|0x0000000085300000, 0x0000000085400000, 0x0000000085400000|100%| O|  |TAMS 0x0000000085400000, 0x0000000085400000| Untracked 
|  84|0x0000000085400000, 0x0000000085500000, 0x0000000085500000|100%| O|  |TAMS 0x0000000085500000, 0x0000000085500000| Untracked 
|  85|0x0000000085500000, 0x0000000085600000, 0x0000000085600000|100%| O|  |TAMS 0x0000000085600000, 0x0000000085600000| Untracked 
|  86|0x0000000085600000, 0x0000000085700000, 0x0000000085700000|100%|HS|  |TAMS 0x0000000085600000, 0x0000000085700000| Complete 
|  87|0x0000000085700000, 0x0000000085800000, 0x0000000085800000|100%| O|  |TAMS 0x0000000085800000, 0x0000000085800000| Untracked 
|  88|0x0000000085800000, 0x0000000085900000, 0x0000000085900000|100%| O|  |TAMS 0x0000000085900000, 0x0000000085900000| Untracked 
|  89|0x0000000085900000, 0x0000000085a00000, 0x0000000085a00000|100%| O|  |TAMS 0x0000000085900000, 0x0000000085a00000| Untracked 
|  90|0x0000000085a00000, 0x0000000085b00000, 0x0000000085b00000|100%| O|  |TAMS 0x0000000085b00000, 0x0000000085b00000| Untracked 
|  91|0x0000000085b00000, 0x0000000085c00000, 0x0000000085c00000|100%| O|  |TAMS 0x0000000085c00000, 0x0000000085c00000| Untracked 
|  92|0x0000000085c00000, 0x0000000085d00000, 0x0000000085d00000|100%| O|  |TAMS 0x0000000085d00000, 0x0000000085d00000| Untracked 
|  93|0x0000000085d00000, 0x0000000085e00000, 0x0000000085e00000|100%| O|  |TAMS 0x0000000085e00000, 0x0000000085e00000| Untracked 
|  94|0x0000000085e00000, 0x0000000085f00000, 0x0000000085f00000|100%| O|  |TAMS 0x0000000085f00000, 0x0000000085f00000| Untracked 
|  95|0x0000000085f00000, 0x0000000086000000, 0x0000000086000000|100%| O|  |TAMS 0x0000000086000000, 0x0000000086000000| Untracked 
|  96|0x0000000086000000, 0x0000000086100000, 0x0000000086100000|100%| O|  |TAMS 0x0000000086100000, 0x0000000086100000| Untracked 
|  97|0x0000000086100000, 0x0000000086200000, 0x0000000086200000|100%| O|  |TAMS 0x0000000086200000, 0x0000000086200000| Untracked 
|  98|0x0000000086200000, 0x0000000086300000, 0x0000000086300000|100%| O|  |TAMS 0x0000000086300000, 0x0000000086300000| Untracked 
|  99|0x0000000086300000, 0x0000000086400000, 0x0000000086400000|100%| O|  |TAMS 0x0000000086400000, 0x0000000086400000| Untracked 
| 100|0x0000000086400000, 0x0000000086500000, 0x0000000086500000|100%| O|  |TAMS 0x0000000086500000, 0x0000000086500000| Untracked 
| 101|0x0000000086500000, 0x0000000086600000, 0x0000000086600000|100%| O|  |TAMS 0x0000000086600000, 0x0000000086600000| Untracked 
| 102|0x0000000086600000, 0x0000000086700000, 0x0000000086700000|100%| O|  |TAMS 0x0000000086700000, 0x0000000086700000| Untracked 
| 103|0x0000000086700000, 0x0000000086800000, 0x0000000086800000|100%| O|  |TAMS 0x0000000086800000, 0x0000000086800000| Untracked 
| 104|0x0000000086800000, 0x0000000086900000, 0x0000000086900000|100%| O|  |TAMS 0x0000000086900000, 0x0000000086900000| Untracked 
| 105|0x0000000086900000, 0x0000000086a00000, 0x0000000086a00000|100%| O|  |TAMS 0x0000000086a00000, 0x0000000086a00000| Untracked 
| 106|0x0000000086a00000, 0x0000000086b00000, 0x0000000086b00000|100%| O|  |TAMS 0x0000000086b00000, 0x0000000086b00000| Untracked 
| 107|0x0000000086b00000, 0x0000000086c00000, 0x0000000086c00000|100%| O|  |TAMS 0x0000000086c00000, 0x0000000086c00000| Untracked 
| 108|0x0000000086c00000, 0x0000000086d00000, 0x0000000086d00000|100%| O|  |TAMS 0x0000000086d00000, 0x0000000086d00000| Untracked 
| 109|0x0000000086d00000, 0x0000000086e00000, 0x0000000086e00000|100%| O|  |TAMS 0x0000000086e00000, 0x0000000086e00000| Untracked 
| 110|0x0000000086e00000, 0x0000000086f00000, 0x0000000086f00000|100%| O|  |TAMS 0x0000000086f00000, 0x0000000086f00000| Untracked 
| 111|0x0000000086f00000, 0x0000000087000000, 0x0000000087000000|100%| O|  |TAMS 0x0000000087000000, 0x0000000087000000| Untracked 
| 112|0x0000000087000000, 0x0000000087100000, 0x0000000087100000|100%| O|  |TAMS 0x0000000087100000, 0x0000000087100000| Untracked 
| 113|0x0000000087100000, 0x0000000087200000, 0x0000000087200000|100%| O|  |TAMS 0x0000000087200000, 0x0000000087200000| Untracked 
| 114|0x0000000087200000, 0x0000000087300000, 0x0000000087300000|100%| O|  |TAMS 0x0000000087300000, 0x0000000087300000| Untracked 
| 115|0x0000000087300000, 0x0000000087400000, 0x0000000087400000|100%| O|  |TAMS 0x0000000087400000, 0x0000000087400000| Untracked 
| 116|0x0000000087400000, 0x0000000087500000, 0x0000000087500000|100%| O|  |TAMS 0x0000000087500000, 0x0000000087500000| Untracked 
| 117|0x0000000087500000, 0x0000000087600000, 0x0000000087600000|100%| O|  |TAMS 0x0000000087600000, 0x0000000087600000| Untracked 
| 118|0x0000000087600000, 0x0000000087700000, 0x0000000087700000|100%| O|  |TAMS 0x0000000087700000, 0x0000000087700000| Untracked 
| 119|0x0000000087700000, 0x0000000087800000, 0x0000000087800000|100%| O|  |TAMS 0x0000000087800000, 0x0000000087800000| Untracked 
| 120|0x0000000087800000, 0x0000000087900000, 0x0000000087900000|100%|HS|  |TAMS 0x0000000087900000, 0x0000000087900000| Complete 
| 121|0x0000000087900000, 0x0000000087a00000, 0x0000000087a00000|100%|HC|  |TAMS 0x0000000087a00000, 0x0000000087a00000| Complete 
| 122|0x0000000087a00000, 0x0000000087b00000, 0x0000000087b00000|100%|HC|  |TAMS 0x0000000087b00000, 0x0000000087b00000| Complete 
| 123|0x0000000087b00000, 0x0000000087c00000, 0x0000000087c00000|100%|HC|  |TAMS 0x0000000087c00000, 0x0000000087c00000| Complete 
| 124|0x0000000087c00000, 0x0000000087d00000, 0x0000000087d00000|100%|HC|  |TAMS 0x0000000087d00000, 0x0000000087d00000| Complete 
| 125|0x0000000087d00000, 0x0000000087e00000, 0x0000000087e00000|100%|HC|  |TAMS 0x0000000087e00000, 0x0000000087e00000| Complete 
| 126|0x0000000087e00000, 0x0000000087f00000, 0x0000000087f00000|100%|HC|  |TAMS 0x0000000087f00000, 0x0000000087f00000| Complete 
| 127|0x0000000087f00000, 0x0000000088000000, 0x0000000088000000|100%|HS|  |TAMS 0x0000000088000000, 0x0000000088000000| Complete 
| 128|0x0000000088000000, 0x0000000088100000, 0x0000000088100000|100%| O|  |TAMS 0x0000000088100000, 0x0000000088100000| Untracked 
| 129|0x0000000088100000, 0x0000000088200000, 0x0000000088200000|100%| O|  |TAMS 0x0000000088200000, 0x0000000088200000| Untracked 
| 130|0x0000000088200000, 0x0000000088300000, 0x0000000088300000|100%| O|  |TAMS 0x0000000088300000, 0x0000000088300000| Untracked 
| 131|0x0000000088300000, 0x0000000088400000, 0x0000000088400000|100%| O|  |TAMS 0x0000000088400000, 0x0000000088400000| Untracked 
| 132|0x0000000088400000, 0x0000000088500000, 0x0000000088500000|100%| O|  |TAMS 0x0000000088500000, 0x0000000088500000| Untracked 
| 133|0x0000000088500000, 0x0000000088600000, 0x0000000088600000|100%| O|  |TAMS 0x0000000088600000, 0x0000000088600000| Untracked 
| 134|0x0000000088600000, 0x0000000088700000, 0x0000000088700000|100%|HS|  |TAMS 0x0000000088700000, 0x0000000088700000| Complete 
| 135|0x0000000088700000, 0x0000000088800000, 0x0000000088800000|100%|HC|  |TAMS 0x0000000088800000, 0x0000000088800000| Complete 
| 136|0x0000000088800000, 0x0000000088900000, 0x0000000088900000|100%|HC|  |TAMS 0x0000000088900000, 0x0000000088900000| Complete 
| 137|0x0000000088900000, 0x0000000088a00000, 0x0000000088a00000|100%|HC|  |TAMS 0x0000000088a00000, 0x0000000088a00000| Complete 
| 138|0x0000000088a00000, 0x0000000088b00000, 0x0000000088b00000|100%|HC|  |TAMS 0x0000000088b00000, 0x0000000088b00000| Complete 
| 139|0x0000000088b00000, 0x0000000088c00000, 0x0000000088c00000|100%|HC|  |TAMS 0x0000000088c00000, 0x0000000088c00000| Complete 
| 140|0x0000000088c00000, 0x0000000088d00000, 0x0000000088d00000|100%|HC|  |TAMS 0x0000000088d00000, 0x0000000088d00000| Complete 
| 141|0x0000000088d00000, 0x0000000088e00000, 0x0000000088e00000|100%| O|  |TAMS 0x0000000088e00000, 0x0000000088e00000| Untracked 
| 142|0x0000000088e00000, 0x0000000088f00000, 0x0000000088f00000|100%| O|  |TAMS 0x0000000088f00000, 0x0000000088f00000| Untracked 
| 143|0x0000000088f00000, 0x0000000089000000, 0x0000000089000000|100%| O|  |TAMS 0x0000000089000000, 0x0000000089000000| Untracked 
| 144|0x0000000089000000, 0x0000000089100000, 0x0000000089100000|100%| O|  |TAMS 0x0000000089100000, 0x0000000089100000| Untracked 
| 145|0x0000000089100000, 0x0000000089200000, 0x0000000089200000|100%| O|  |TAMS 0x0000000089200000, 0x0000000089200000| Untracked 
| 146|0x0000000089200000, 0x0000000089300000, 0x0000000089300000|100%| O|  |TAMS 0x0000000089300000, 0x0000000089300000| Untracked 
| 147|0x0000000089300000, 0x0000000089400000, 0x0000000089400000|100%| O|  |TAMS 0x0000000089400000, 0x0000000089400000| Untracked 
| 148|0x0000000089400000, 0x0000000089500000, 0x0000000089500000|100%| O|  |TAMS 0x0000000089500000, 0x0000000089500000| Untracked 
| 149|0x0000000089500000, 0x0000000089600000, 0x0000000089600000|100%| O|  |TAMS 0x0000000089600000, 0x0000000089600000| Untracked 
| 150|0x0000000089600000, 0x0000000089700000, 0x0000000089700000|100%| O|  |TAMS 0x0000000089700000, 0x0000000089700000| Untracked 
| 151|0x0000000089700000, 0x0000000089800000, 0x0000000089800000|100%| O|  |TAMS 0x0000000089800000, 0x0000000089800000| Untracked 
| 152|0x0000000089800000, 0x0000000089900000, 0x0000000089900000|100%| O|  |TAMS 0x0000000089900000, 0x0000000089900000| Untracked 
| 153|0x0000000089900000, 0x0000000089a00000, 0x0000000089a00000|100%| O|  |TAMS 0x0000000089a00000, 0x0000000089a00000| Untracked 
| 154|0x0000000089a00000, 0x0000000089b00000, 0x0000000089b00000|100%| O|  |TAMS 0x0000000089b00000, 0x0000000089b00000| Untracked 
| 155|0x0000000089b00000, 0x0000000089c00000, 0x0000000089c00000|100%| O|  |TAMS 0x0000000089c00000, 0x0000000089c00000| Untracked 
| 156|0x0000000089c00000, 0x0000000089d00000, 0x0000000089d00000|100%| O|  |TAMS 0x0000000089d00000, 0x0000000089d00000| Untracked 
| 157|0x0000000089d00000, 0x0000000089e00000, 0x0000000089e00000|100%| O|  |TAMS 0x0000000089e00000, 0x0000000089e00000| Untracked 
| 158|0x0000000089e00000, 0x0000000089f00000, 0x0000000089f00000|100%| O|  |TAMS 0x0000000089f00000, 0x0000000089f00000| Untracked 
| 159|0x0000000089f00000, 0x000000008a000000, 0x000000008a000000|100%| O|  |TAMS 0x000000008a000000, 0x000000008a000000| Untracked 
| 160|0x000000008a000000, 0x000000008a100000, 0x000000008a100000|100%| O|  |TAMS 0x000000008a100000, 0x000000008a100000| Untracked 
| 161|0x000000008a100000, 0x000000008a200000, 0x000000008a200000|100%| O|  |TAMS 0x000000008a200000, 0x000000008a200000| Untracked 
| 162|0x000000008a200000, 0x000000008a300000, 0x000000008a300000|100%| O|  |TAMS 0x000000008a300000, 0x000000008a300000| Untracked 
| 163|0x000000008a300000, 0x000000008a400000, 0x000000008a400000|100%| O|  |TAMS 0x000000008a300000, 0x000000008a400000| Untracked 
| 164|0x000000008a400000, 0x000000008a500000, 0x000000008a500000|100%| O|  |TAMS 0x000000008a400000, 0x000000008a500000| Untracked 
| 165|0x000000008a500000, 0x000000008a600000, 0x000000008a600000|100%| O|  |TAMS 0x000000008a500000, 0x000000008a600000| Untracked 
| 166|0x000000008a600000, 0x000000008a700000, 0x000000008a700000|100%| O|  |TAMS 0x000000008a600000, 0x000000008a700000| Untracked 
| 167|0x000000008a700000, 0x000000008a800000, 0x000000008a800000|100%| O|  |TAMS 0x000000008a700000, 0x000000008a800000| Untracked 
| 168|0x000000008a800000, 0x000000008a900000, 0x000000008a900000|100%| O|  |TAMS 0x000000008a800000, 0x000000008a900000| Untracked 
| 169|0x000000008a900000, 0x000000008aa00000, 0x000000008aa00000|100%| O|  |TAMS 0x000000008a900000, 0x000000008aa00000| Untracked 
| 170|0x000000008aa00000, 0x000000008ab00000, 0x000000008ab00000|100%|HS|  |TAMS 0x000000008aa00000, 0x000000008ab00000| Complete 
| 171|0x000000008ab00000, 0x000000008ac00000, 0x000000008ac00000|100%|HS|  |TAMS 0x000000008ab00000, 0x000000008ac00000| Complete 
| 172|0x000000008ac00000, 0x000000008ad00000, 0x000000008ad00000|100%| O|  |TAMS 0x000000008ac00000, 0x000000008ad00000| Untracked 
| 173|0x000000008ad00000, 0x000000008ae00000, 0x000000008ae00000|100%| O|  |TAMS 0x000000008ad00000, 0x000000008ae00000| Untracked 
| 174|0x000000008ae00000, 0x000000008af00000, 0x000000008af00000|100%| O|  |TAMS 0x000000008ae00000, 0x000000008af00000| Untracked 
| 175|0x000000008af00000, 0x000000008b000000, 0x000000008b000000|100%| O|  |TAMS 0x000000008af00000, 0x000000008b000000| Untracked 
| 176|0x000000008b000000, 0x000000008b100000, 0x000000008b100000|100%| O|  |TAMS 0x000000008b000000, 0x000000008b100000| Untracked 
| 177|0x000000008b100000, 0x000000008b200000, 0x000000008b200000|100%| O|  |TAMS 0x000000008b100000, 0x000000008b200000| Untracked 
| 178|0x000000008b200000, 0x000000008b300000, 0x000000008b300000|100%|HS|  |TAMS 0x000000008b200000, 0x000000008b300000| Complete 
| 179|0x000000008b300000, 0x000000008b400000, 0x000000008b400000|100%|HS|  |TAMS 0x000000008b300000, 0x000000008b400000| Complete 
| 180|0x000000008b400000, 0x000000008b500000, 0x000000008b500000|100%|HS|  |TAMS 0x000000008b400000, 0x000000008b500000| Complete 
| 181|0x000000008b500000, 0x000000008b600000, 0x000000008b600000|100%|HC|  |TAMS 0x000000008b500000, 0x000000008b600000| Complete 
| 182|0x000000008b600000, 0x000000008b700000, 0x000000008b700000|100%|HS|  |TAMS 0x000000008b600000, 0x000000008b700000| Complete 
| 183|0x000000008b700000, 0x000000008b800000, 0x000000008b800000|100%|HS|  |TAMS 0x000000008b700000, 0x000000008b800000| Complete 
| 184|0x000000008b800000, 0x000000008b900000, 0x000000008b900000|100%|HS|  |TAMS 0x000000008b800000, 0x000000008b900000| Complete 
| 185|0x000000008b900000, 0x000000008ba00000, 0x000000008ba00000|100%| O|  |TAMS 0x000000008ba00000, 0x000000008ba00000| Untracked 
| 186|0x000000008ba00000, 0x000000008bb00000, 0x000000008bb00000|100%|HS|  |TAMS 0x000000008ba00000, 0x000000008bb00000| Complete 
| 187|0x000000008bb00000, 0x000000008bc00000, 0x000000008bc00000|100%|HS|  |TAMS 0x000000008bb00000, 0x000000008bc00000| Complete 
| 188|0x000000008bc00000, 0x000000008bd00000, 0x000000008bd00000|100%|HC|  |TAMS 0x000000008bc00000, 0x000000008bd00000| Complete 
| 189|0x000000008bd00000, 0x000000008be00000, 0x000000008be00000|100%| O|  |TAMS 0x000000008bd00000, 0x000000008be00000| Untracked 
| 190|0x000000008be00000, 0x000000008bf00000, 0x000000008bf00000|100%| O|  |TAMS 0x000000008be00000, 0x000000008bf00000| Untracked 
| 191|0x000000008bf00000, 0x000000008c000000, 0x000000008c000000|100%| O|  |TAMS 0x000000008bf00000, 0x000000008c000000| Untracked 
| 192|0x000000008c000000, 0x000000008c100000, 0x000000008c100000|100%| O|  |TAMS 0x000000008c000000, 0x000000008c100000| Untracked 
| 193|0x000000008c100000, 0x000000008c200000, 0x000000008c200000|100%|HS|  |TAMS 0x000000008c100000, 0x000000008c200000| Complete 
| 194|0x000000008c200000, 0x000000008c300000, 0x000000008c300000|100%| O|  |TAMS 0x000000008c200000, 0x000000008c300000| Untracked 
| 195|0x000000008c300000, 0x000000008c400000, 0x000000008c400000|100%| O|  |TAMS 0x000000008c300000, 0x000000008c400000| Untracked 
| 196|0x000000008c400000, 0x000000008c500000, 0x000000008c500000|100%| O|  |TAMS 0x000000008c400000, 0x000000008c410200| Untracked 
| 197|0x000000008c500000, 0x000000008c500000, 0x000000008c600000|  0%| F|  |TAMS 0x000000008c500000, 0x000000008c500000| Untracked 
| 198|0x000000008c600000, 0x000000008c700000, 0x000000008c700000|100%|HS|  |TAMS 0x000000008c600000, 0x000000008c600000| Complete 
| 199|0x000000008c700000, 0x000000008c800000, 0x000000008c800000|100%|HS|  |TAMS 0x000000008c700000, 0x000000008c700000| Complete 
| 200|0x000000008c800000, 0x000000008c900000, 0x000000008c900000|100%|HS|  |TAMS 0x000000008c800000, 0x000000008c800000| Complete 
| 201|0x000000008c900000, 0x000000008ca00000, 0x000000008ca00000|100%|HC|  |TAMS 0x000000008c900000, 0x000000008c900000| Complete 
| 202|0x000000008ca00000, 0x000000008ca14e00, 0x000000008cb00000|  8%| O|  |TAMS 0x000000008ca00000, 0x000000008ca00000| Untracked 
| 203|0x000000008cb00000, 0x000000008cb00000, 0x000000008cc00000|  0%| F|  |TAMS 0x000000008cb00000, 0x000000008cb00000| Untracked 
| 204|0x000000008cc00000, 0x000000008cc00000, 0x000000008cd00000|  0%| F|  |TAMS 0x000000008cc00000, 0x000000008cc00000| Untracked 
| 205|0x000000008cd00000, 0x000000008cd00000, 0x000000008ce00000|  0%| F|  |TAMS 0x000000008cd00000, 0x000000008cd00000| Untracked 
| 206|0x000000008ce00000, 0x000000008ce00000, 0x000000008cf00000|  0%| F|  |TAMS 0x000000008ce00000, 0x000000008ce00000| Untracked 
| 207|0x000000008cf00000, 0x000000008cf00000, 0x000000008d000000|  0%| F|  |TAMS 0x000000008cf00000, 0x000000008cf00000| Untracked 
| 208|0x000000008d000000, 0x000000008d000000, 0x000000008d100000|  0%| F|  |TAMS 0x000000008d000000, 0x000000008d000000| Untracked 
| 209|0x000000008d100000, 0x000000008d100000, 0x000000008d200000|  0%| F|  |TAMS 0x000000008d100000, 0x000000008d100000| Untracked 
| 210|0x000000008d200000, 0x000000008d200000, 0x000000008d300000|  0%| F|  |TAMS 0x000000008d200000, 0x000000008d200000| Untracked 
| 211|0x000000008d300000, 0x000000008d300000, 0x000000008d400000|  0%| F|  |TAMS 0x000000008d300000, 0x000000008d300000| Untracked 
| 212|0x000000008d400000, 0x000000008d400000, 0x000000008d500000|  0%| F|  |TAMS 0x000000008d400000, 0x000000008d400000| Untracked 
| 213|0x000000008d500000, 0x000000008d500000, 0x000000008d600000|  0%| F|  |TAMS 0x000000008d500000, 0x000000008d500000| Untracked 
| 214|0x000000008d600000, 0x000000008d600000, 0x000000008d700000|  0%| F|  |TAMS 0x000000008d600000, 0x000000008d600000| Untracked 
| 215|0x000000008d700000, 0x000000008d700000, 0x000000008d800000|  0%| F|  |TAMS 0x000000008d700000, 0x000000008d700000| Untracked 
| 216|0x000000008d800000, 0x000000008d800000, 0x000000008d900000|  0%| F|  |TAMS 0x000000008d800000, 0x000000008d800000| Untracked 
| 217|0x000000008d900000, 0x000000008d900000, 0x000000008da00000|  0%| F|  |TAMS 0x000000008d900000, 0x000000008d900000| Untracked 
| 218|0x000000008da00000, 0x000000008da00000, 0x000000008db00000|  0%| F|  |TAMS 0x000000008da00000, 0x000000008da00000| Untracked 
| 219|0x000000008db00000, 0x000000008db00000, 0x000000008dc00000|  0%| F|  |TAMS 0x000000008db00000, 0x000000008db00000| Untracked 
| 220|0x000000008dc00000, 0x000000008dc00000, 0x000000008dd00000|  0%| F|  |TAMS 0x000000008dc00000, 0x000000008dc00000| Untracked 
| 221|0x000000008dd00000, 0x000000008dd00000, 0x000000008de00000|  0%| F|  |TAMS 0x000000008dd00000, 0x000000008dd00000| Untracked 
| 222|0x000000008de00000, 0x000000008de00000, 0x000000008df00000|  0%| F|  |TAMS 0x000000008de00000, 0x000000008de00000| Untracked 
| 223|0x000000008df00000, 0x000000008df00000, 0x000000008e000000|  0%| F|  |TAMS 0x000000008df00000, 0x000000008df00000| Untracked 
| 224|0x000000008e000000, 0x000000008e000000, 0x000000008e100000|  0%| F|  |TAMS 0x000000008e000000, 0x000000008e000000| Untracked 
| 225|0x000000008e100000, 0x000000008e100000, 0x000000008e200000|  0%| F|  |TAMS 0x000000008e100000, 0x000000008e100000| Untracked 
| 226|0x000000008e200000, 0x000000008e200000, 0x000000008e300000|  0%| F|  |TAMS 0x000000008e200000, 0x000000008e200000| Untracked 
| 227|0x000000008e300000, 0x000000008e300000, 0x000000008e400000|  0%| F|  |TAMS 0x000000008e300000, 0x000000008e300000| Untracked 
| 228|0x000000008e400000, 0x000000008e400000, 0x000000008e500000|  0%| F|  |TAMS 0x000000008e400000, 0x000000008e400000| Untracked 
| 229|0x000000008e500000, 0x000000008e500000, 0x000000008e600000|  0%| F|  |TAMS 0x000000008e500000, 0x000000008e500000| Untracked 
| 230|0x000000008e600000, 0x000000008e600000, 0x000000008e700000|  0%| F|  |TAMS 0x000000008e600000, 0x000000008e600000| Untracked 
| 231|0x000000008e700000, 0x000000008e700000, 0x000000008e800000|  0%| F|  |TAMS 0x000000008e700000, 0x000000008e700000| Untracked 
| 232|0x000000008e800000, 0x000000008e800000, 0x000000008e900000|  0%| F|  |TAMS 0x000000008e800000, 0x000000008e800000| Untracked 
| 233|0x000000008e900000, 0x000000008e900000, 0x000000008ea00000|  0%| F|  |TAMS 0x000000008e900000, 0x000000008e900000| Untracked 
| 234|0x000000008ea00000, 0x000000008ea00000, 0x000000008eb00000|  0%| F|  |TAMS 0x000000008ea00000, 0x000000008ea00000| Untracked 
| 235|0x000000008eb00000, 0x000000008eb00000, 0x000000008ec00000|  0%| F|  |TAMS 0x000000008eb00000, 0x000000008eb00000| Untracked 
| 236|0x000000008ec00000, 0x000000008ec00000, 0x000000008ed00000|  0%| F|  |TAMS 0x000000008ec00000, 0x000000008ec00000| Untracked 
| 237|0x000000008ed00000, 0x000000008ed00000, 0x000000008ee00000|  0%| F|  |TAMS 0x000000008ed00000, 0x000000008ed00000| Untracked 
| 238|0x000000008ee00000, 0x000000008ee00000, 0x000000008ef00000|  0%| F|  |TAMS 0x000000008ee00000, 0x000000008ee00000| Untracked 
| 239|0x000000008ef00000, 0x000000008ef00000, 0x000000008f000000|  0%| F|  |TAMS 0x000000008ef00000, 0x000000008ef00000| Untracked 
| 240|0x000000008f000000, 0x000000008f000000, 0x000000008f100000|  0%| F|  |TAMS 0x000000008f000000, 0x000000008f000000| Untracked 
| 241|0x000000008f100000, 0x000000008f100000, 0x000000008f200000|  0%| F|  |TAMS 0x000000008f100000, 0x000000008f100000| Untracked 
| 242|0x000000008f200000, 0x000000008f200000, 0x000000008f300000|  0%| F|  |TAMS 0x000000008f200000, 0x000000008f200000| Untracked 
| 243|0x000000008f300000, 0x000000008f300000, 0x000000008f400000|  0%| F|  |TAMS 0x000000008f300000, 0x000000008f300000| Untracked 
| 244|0x000000008f400000, 0x000000008f400000, 0x000000008f500000|  0%| F|  |TAMS 0x000000008f400000, 0x000000008f400000| Untracked 
| 245|0x000000008f500000, 0x000000008f500000, 0x000000008f600000|  0%| F|  |TAMS 0x000000008f500000, 0x000000008f500000| Untracked 
| 246|0x000000008f600000, 0x000000008f600000, 0x000000008f700000|  0%| F|  |TAMS 0x000000008f600000, 0x000000008f600000| Untracked 
| 247|0x000000008f700000, 0x000000008f700000, 0x000000008f800000|  0%| F|  |TAMS 0x000000008f700000, 0x000000008f700000| Untracked 
| 248|0x000000008f800000, 0x000000008f800000, 0x000000008f900000|  0%| F|  |TAMS 0x000000008f800000, 0x000000008f800000| Untracked 
| 249|0x000000008f900000, 0x000000008f900000, 0x000000008fa00000|  0%| F|  |TAMS 0x000000008f900000, 0x000000008f900000| Untracked 
| 250|0x000000008fa00000, 0x000000008fa00000, 0x000000008fb00000|  0%| F|  |TAMS 0x000000008fa00000, 0x000000008fa00000| Untracked 
| 251|0x000000008fb00000, 0x000000008fb00000, 0x000000008fc00000|  0%| F|  |TAMS 0x000000008fb00000, 0x000000008fb00000| Untracked 
| 252|0x000000008fc00000, 0x000000008fc00000, 0x000000008fd00000|  0%| F|  |TAMS 0x000000008fc00000, 0x000000008fc00000| Untracked 
| 253|0x000000008fd00000, 0x000000008fd00000, 0x000000008fe00000|  0%| F|  |TAMS 0x000000008fd00000, 0x000000008fd00000| Untracked 
| 254|0x000000008fe00000, 0x000000008fe00000, 0x000000008ff00000|  0%| F|  |TAMS 0x000000008fe00000, 0x000000008fe00000| Untracked 
| 255|0x000000008ff00000, 0x000000008ff00000, 0x0000000090000000|  0%| F|  |TAMS 0x000000008ff00000, 0x000000008ff00000| Untracked 
| 256|0x0000000090000000, 0x0000000090000000, 0x0000000090100000|  0%| F|  |TAMS 0x0000000090000000, 0x0000000090000000| Untracked 
| 257|0x0000000090100000, 0x0000000090100000, 0x0000000090200000|  0%| F|  |TAMS 0x0000000090100000, 0x0000000090100000| Untracked 
| 258|0x0000000090200000, 0x0000000090200000, 0x0000000090300000|  0%| F|  |TAMS 0x0000000090200000, 0x0000000090200000| Untracked 
| 259|0x0000000090300000, 0x0000000090300000, 0x0000000090400000|  0%| F|  |TAMS 0x0000000090300000, 0x0000000090300000| Untracked 
| 260|0x0000000090400000, 0x0000000090400000, 0x0000000090500000|  0%| F|  |TAMS 0x0000000090400000, 0x0000000090400000| Untracked 
| 261|0x0000000090500000, 0x0000000090500000, 0x0000000090600000|  0%| F|  |TAMS 0x0000000090500000, 0x0000000090500000| Untracked 
| 262|0x0000000090600000, 0x0000000090600000, 0x0000000090700000|  0%| F|  |TAMS 0x0000000090600000, 0x0000000090600000| Untracked 
| 263|0x0000000090700000, 0x0000000090700000, 0x0000000090800000|  0%| F|  |TAMS 0x0000000090700000, 0x0000000090700000| Untracked 
| 264|0x0000000090800000, 0x0000000090800000, 0x0000000090900000|  0%| F|  |TAMS 0x0000000090800000, 0x0000000090800000| Untracked 
| 265|0x0000000090900000, 0x0000000090900000, 0x0000000090a00000|  0%| F|  |TAMS 0x0000000090900000, 0x0000000090900000| Untracked 
| 266|0x0000000090a00000, 0x0000000090a00000, 0x0000000090b00000|  0%| F|  |TAMS 0x0000000090a00000, 0x0000000090a00000| Untracked 
| 267|0x0000000090b00000, 0x0000000090b00000, 0x0000000090c00000|  0%| F|  |TAMS 0x0000000090b00000, 0x0000000090b00000| Untracked 
| 268|0x0000000090c00000, 0x0000000090c00000, 0x0000000090d00000|  0%| F|  |TAMS 0x0000000090c00000, 0x0000000090c00000| Untracked 
| 269|0x0000000090d00000, 0x0000000090d00000, 0x0000000090e00000|  0%| F|  |TAMS 0x0000000090d00000, 0x0000000090d00000| Untracked 
| 270|0x0000000090e00000, 0x0000000090e00000, 0x0000000090f00000|  0%| F|  |TAMS 0x0000000090e00000, 0x0000000090e00000| Untracked 
| 271|0x0000000090f00000, 0x0000000090f00000, 0x0000000091000000|  0%| F|  |TAMS 0x0000000090f00000, 0x0000000090f00000| Untracked 
| 272|0x0000000091000000, 0x0000000091000000, 0x0000000091100000|  0%| F|  |TAMS 0x0000000091000000, 0x0000000091000000| Untracked 
| 273|0x0000000091100000, 0x0000000091100000, 0x0000000091200000|  0%| F|  |TAMS 0x0000000091100000, 0x0000000091100000| Untracked 
| 274|0x0000000091200000, 0x0000000091200000, 0x0000000091300000|  0%| F|  |TAMS 0x0000000091200000, 0x0000000091200000| Untracked 
| 275|0x0000000091300000, 0x0000000091300000, 0x0000000091400000|  0%| F|  |TAMS 0x0000000091300000, 0x0000000091300000| Untracked 
| 276|0x0000000091400000, 0x0000000091400000, 0x0000000091500000|  0%| F|  |TAMS 0x0000000091400000, 0x0000000091400000| Untracked 
| 277|0x0000000091500000, 0x0000000091500000, 0x0000000091600000|  0%| F|  |TAMS 0x0000000091500000, 0x0000000091500000| Untracked 
| 278|0x0000000091600000, 0x0000000091600000, 0x0000000091700000|  0%| F|  |TAMS 0x0000000091600000, 0x0000000091600000| Untracked 
| 279|0x0000000091700000, 0x0000000091700000, 0x0000000091800000|  0%| F|  |TAMS 0x0000000091700000, 0x0000000091700000| Untracked 
| 280|0x0000000091800000, 0x0000000091800000, 0x0000000091900000|  0%| F|  |TAMS 0x0000000091800000, 0x0000000091800000| Untracked 
| 281|0x0000000091900000, 0x0000000091900000, 0x0000000091a00000|  0%| F|  |TAMS 0x0000000091900000, 0x0000000091900000| Untracked 
| 282|0x0000000091a00000, 0x0000000091a00000, 0x0000000091b00000|  0%| F|  |TAMS 0x0000000091a00000, 0x0000000091a00000| Untracked 
| 283|0x0000000091b00000, 0x0000000091b00000, 0x0000000091c00000|  0%| F|  |TAMS 0x0000000091b00000, 0x0000000091b00000| Untracked 
| 284|0x0000000091c00000, 0x0000000091c00000, 0x0000000091d00000|  0%| F|  |TAMS 0x0000000091c00000, 0x0000000091c00000| Untracked 
| 285|0x0000000091d00000, 0x0000000091d00000, 0x0000000091e00000|  0%| F|  |TAMS 0x0000000091d00000, 0x0000000091d00000| Untracked 
| 286|0x0000000091e00000, 0x0000000091e00000, 0x0000000091f00000|  0%| F|  |TAMS 0x0000000091e00000, 0x0000000091e00000| Untracked 
| 287|0x0000000091f00000, 0x0000000091f00000, 0x0000000092000000|  0%| F|  |TAMS 0x0000000091f00000, 0x0000000091f00000| Untracked 
| 288|0x0000000092000000, 0x0000000092000000, 0x0000000092100000|  0%| F|  |TAMS 0x0000000092000000, 0x0000000092000000| Untracked 
| 289|0x0000000092100000, 0x0000000092100000, 0x0000000092200000|  0%| F|  |TAMS 0x0000000092100000, 0x0000000092100000| Untracked 
| 290|0x0000000092200000, 0x0000000092200000, 0x0000000092300000|  0%| F|  |TAMS 0x0000000092200000, 0x0000000092200000| Untracked 
| 291|0x0000000092300000, 0x0000000092300000, 0x0000000092400000|  0%| F|  |TAMS 0x0000000092300000, 0x0000000092300000| Untracked 
| 292|0x0000000092400000, 0x0000000092400000, 0x0000000092500000|  0%| F|  |TAMS 0x0000000092400000, 0x0000000092400000| Untracked 
| 293|0x0000000092500000, 0x0000000092500000, 0x0000000092600000|  0%| F|  |TAMS 0x0000000092500000, 0x0000000092500000| Untracked 
| 294|0x0000000092600000, 0x0000000092600000, 0x0000000092700000|  0%| F|  |TAMS 0x0000000092600000, 0x0000000092600000| Untracked 
| 295|0x0000000092700000, 0x0000000092700000, 0x0000000092800000|  0%| F|  |TAMS 0x0000000092700000, 0x0000000092700000| Untracked 
| 296|0x0000000092800000, 0x0000000092800000, 0x0000000092900000|  0%| F|  |TAMS 0x0000000092800000, 0x0000000092800000| Untracked 
| 297|0x0000000092900000, 0x0000000092900000, 0x0000000092a00000|  0%| F|  |TAMS 0x0000000092900000, 0x0000000092900000| Untracked 
| 298|0x0000000092a00000, 0x0000000092a00000, 0x0000000092b00000|  0%| F|  |TAMS 0x0000000092a00000, 0x0000000092a00000| Untracked 
| 299|0x0000000092b00000, 0x0000000092b00000, 0x0000000092c00000|  0%| F|  |TAMS 0x0000000092b00000, 0x0000000092b00000| Untracked 
| 300|0x0000000092c00000, 0x0000000092c00000, 0x0000000092d00000|  0%| F|  |TAMS 0x0000000092c00000, 0x0000000092c00000| Untracked 
| 301|0x0000000092d00000, 0x0000000092d00000, 0x0000000092e00000|  0%| F|  |TAMS 0x0000000092d00000, 0x0000000092d00000| Untracked 
| 302|0x0000000092e00000, 0x0000000092e00000, 0x0000000092f00000|  0%| F|  |TAMS 0x0000000092e00000, 0x0000000092e00000| Untracked 
| 303|0x0000000092f00000, 0x0000000092f00000, 0x0000000093000000|  0%| F|  |TAMS 0x0000000092f00000, 0x0000000092f00000| Untracked 
| 304|0x0000000093000000, 0x0000000093000000, 0x0000000093100000|  0%| F|  |TAMS 0x0000000093000000, 0x0000000093000000| Untracked 
| 305|0x0000000093100000, 0x0000000093100000, 0x0000000093200000|  0%| F|  |TAMS 0x0000000093100000, 0x0000000093100000| Untracked 
| 306|0x0000000093200000, 0x0000000093200000, 0x0000000093300000|  0%| F|  |TAMS 0x0000000093200000, 0x0000000093200000| Untracked 
| 307|0x0000000093300000, 0x0000000093300000, 0x0000000093400000|  0%| F|  |TAMS 0x0000000093300000, 0x0000000093300000| Untracked 
| 308|0x0000000093400000, 0x0000000093400000, 0x0000000093500000|  0%| F|  |TAMS 0x0000000093400000, 0x0000000093400000| Untracked 
| 309|0x0000000093500000, 0x0000000093500000, 0x0000000093600000|  0%| F|  |TAMS 0x0000000093500000, 0x0000000093500000| Untracked 
| 310|0x0000000093600000, 0x0000000093600000, 0x0000000093700000|  0%| F|  |TAMS 0x0000000093600000, 0x0000000093600000| Untracked 
| 311|0x0000000093700000, 0x0000000093700000, 0x0000000093800000|  0%| F|  |TAMS 0x0000000093700000, 0x0000000093700000| Untracked 
| 312|0x0000000093800000, 0x0000000093800000, 0x0000000093900000|  0%| F|  |TAMS 0x0000000093800000, 0x0000000093800000| Untracked 
| 313|0x0000000093900000, 0x0000000093900000, 0x0000000093a00000|  0%| F|  |TAMS 0x0000000093900000, 0x0000000093900000| Untracked 
| 314|0x0000000093a00000, 0x0000000093a00000, 0x0000000093b00000|  0%| F|  |TAMS 0x0000000093a00000, 0x0000000093a00000| Untracked 
| 315|0x0000000093b00000, 0x0000000093b00000, 0x0000000093c00000|  0%| F|  |TAMS 0x0000000093b00000, 0x0000000093b00000| Untracked 
| 316|0x0000000093c00000, 0x0000000093c00000, 0x0000000093d00000|  0%| F|  |TAMS 0x0000000093c00000, 0x0000000093c00000| Untracked 
| 317|0x0000000093d00000, 0x0000000093d00000, 0x0000000093e00000|  0%| F|  |TAMS 0x0000000093d00000, 0x0000000093d00000| Untracked 
| 318|0x0000000093e00000, 0x0000000093e00000, 0x0000000093f00000|  0%| F|  |TAMS 0x0000000093e00000, 0x0000000093e00000| Untracked 
| 319|0x0000000093f00000, 0x0000000093f00000, 0x0000000094000000|  0%| F|  |TAMS 0x0000000093f00000, 0x0000000093f00000| Untracked 
| 320|0x0000000094000000, 0x0000000094000000, 0x0000000094100000|  0%| F|  |TAMS 0x0000000094000000, 0x0000000094000000| Untracked 
| 321|0x0000000094100000, 0x0000000094100000, 0x0000000094200000|  0%| F|  |TAMS 0x0000000094100000, 0x0000000094100000| Untracked 
| 322|0x0000000094200000, 0x0000000094200000, 0x0000000094300000|  0%| F|  |TAMS 0x0000000094200000, 0x0000000094200000| Untracked 
| 323|0x0000000094300000, 0x0000000094300000, 0x0000000094400000|  0%| F|  |TAMS 0x0000000094300000, 0x0000000094300000| Untracked 
| 324|0x0000000094400000, 0x0000000094400000, 0x0000000094500000|  0%| F|  |TAMS 0x0000000094400000, 0x0000000094400000| Untracked 
| 325|0x0000000094500000, 0x0000000094500000, 0x0000000094600000|  0%| F|  |TAMS 0x0000000094500000, 0x0000000094500000| Untracked 
| 326|0x0000000094600000, 0x0000000094600000, 0x0000000094700000|  0%| F|  |TAMS 0x0000000094600000, 0x0000000094600000| Untracked 
| 327|0x0000000094700000, 0x0000000094700000, 0x0000000094800000|  0%| F|  |TAMS 0x0000000094700000, 0x0000000094700000| Untracked 
| 328|0x0000000094800000, 0x0000000094800000, 0x0000000094900000|  0%| F|  |TAMS 0x0000000094800000, 0x0000000094800000| Untracked 
| 329|0x0000000094900000, 0x0000000094900000, 0x0000000094a00000|  0%| F|  |TAMS 0x0000000094900000, 0x0000000094900000| Untracked 
| 330|0x0000000094a00000, 0x0000000094a00000, 0x0000000094b00000|  0%| F|  |TAMS 0x0000000094a00000, 0x0000000094a00000| Untracked 
| 331|0x0000000094b00000, 0x0000000094b00000, 0x0000000094c00000|  0%| F|  |TAMS 0x0000000094b00000, 0x0000000094b00000| Untracked 
| 332|0x0000000094c00000, 0x0000000094c00000, 0x0000000094d00000|  0%| F|  |TAMS 0x0000000094c00000, 0x0000000094c00000| Untracked 
| 333|0x0000000094d00000, 0x0000000094d00000, 0x0000000094e00000|  0%| F|  |TAMS 0x0000000094d00000, 0x0000000094d00000| Untracked 
| 334|0x0000000094e00000, 0x0000000094e00000, 0x0000000094f00000|  0%| F|  |TAMS 0x0000000094e00000, 0x0000000094e00000| Untracked 
| 335|0x0000000094f00000, 0x0000000094f00000, 0x0000000095000000|  0%| F|  |TAMS 0x0000000094f00000, 0x0000000094f00000| Untracked 
| 336|0x0000000095000000, 0x0000000095000000, 0x0000000095100000|  0%| F|  |TAMS 0x0000000095000000, 0x0000000095000000| Untracked 
| 337|0x0000000095100000, 0x0000000095100000, 0x0000000095200000|  0%| F|  |TAMS 0x0000000095100000, 0x0000000095100000| Untracked 
| 338|0x0000000095200000, 0x0000000095200000, 0x0000000095300000|  0%| F|  |TAMS 0x0000000095200000, 0x0000000095200000| Untracked 
| 339|0x0000000095300000, 0x0000000095300000, 0x0000000095400000|  0%| F|  |TAMS 0x0000000095300000, 0x0000000095300000| Untracked 
| 340|0x0000000095400000, 0x0000000095400000, 0x0000000095500000|  0%| F|  |TAMS 0x0000000095400000, 0x0000000095400000| Untracked 
| 341|0x0000000095500000, 0x0000000095500000, 0x0000000095600000|  0%| F|  |TAMS 0x0000000095500000, 0x0000000095500000| Untracked 
| 342|0x0000000095600000, 0x0000000095600000, 0x0000000095700000|  0%| F|  |TAMS 0x0000000095600000, 0x0000000095600000| Untracked 
| 343|0x0000000095700000, 0x0000000095700000, 0x0000000095800000|  0%| F|  |TAMS 0x0000000095700000, 0x0000000095700000| Untracked 
| 344|0x0000000095800000, 0x0000000095800000, 0x0000000095900000|  0%| F|  |TAMS 0x0000000095800000, 0x0000000095800000| Untracked 
| 345|0x0000000095900000, 0x0000000095900000, 0x0000000095a00000|  0%| F|  |TAMS 0x0000000095900000, 0x0000000095900000| Untracked 
| 346|0x0000000095a00000, 0x0000000095a00000, 0x0000000095b00000|  0%| F|  |TAMS 0x0000000095a00000, 0x0000000095a00000| Untracked 
| 347|0x0000000095b00000, 0x0000000095b00000, 0x0000000095c00000|  0%| F|  |TAMS 0x0000000095b00000, 0x0000000095b00000| Untracked 
| 348|0x0000000095c00000, 0x0000000095c00000, 0x0000000095d00000|  0%| F|  |TAMS 0x0000000095c00000, 0x0000000095c00000| Untracked 
| 349|0x0000000095d00000, 0x0000000095d00000, 0x0000000095e00000|  0%| F|  |TAMS 0x0000000095d00000, 0x0000000095d00000| Untracked 
| 350|0x0000000095e00000, 0x0000000095e00000, 0x0000000095f00000|  0%| F|  |TAMS 0x0000000095e00000, 0x0000000095e00000| Untracked 
| 351|0x0000000095f00000, 0x0000000095f00000, 0x0000000096000000|  0%| F|  |TAMS 0x0000000095f00000, 0x0000000095f00000| Untracked 
| 352|0x0000000096000000, 0x0000000096000000, 0x0000000096100000|  0%| F|  |TAMS 0x0000000096000000, 0x0000000096000000| Untracked 
| 353|0x0000000096100000, 0x0000000096100000, 0x0000000096200000|  0%| F|  |TAMS 0x0000000096100000, 0x0000000096100000| Untracked 
| 354|0x0000000096200000, 0x0000000096200000, 0x0000000096300000|  0%| F|  |TAMS 0x0000000096200000, 0x0000000096200000| Untracked 
| 355|0x0000000096300000, 0x0000000096300000, 0x0000000096400000|  0%| F|  |TAMS 0x0000000096300000, 0x0000000096300000| Untracked 
| 356|0x0000000096400000, 0x0000000096400000, 0x0000000096500000|  0%| F|  |TAMS 0x0000000096400000, 0x0000000096400000| Untracked 
| 357|0x0000000096500000, 0x0000000096500000, 0x0000000096600000|  0%| F|  |TAMS 0x0000000096500000, 0x0000000096500000| Untracked 
| 358|0x0000000096600000, 0x0000000096600000, 0x0000000096700000|  0%| F|  |TAMS 0x0000000096600000, 0x0000000096600000| Untracked 
| 359|0x0000000096700000, 0x0000000096700000, 0x0000000096800000|  0%| F|  |TAMS 0x0000000096700000, 0x0000000096700000| Untracked 
| 360|0x0000000096800000, 0x0000000096800000, 0x0000000096900000|  0%| F|  |TAMS 0x0000000096800000, 0x0000000096800000| Untracked 
| 361|0x0000000096900000, 0x0000000096900000, 0x0000000096a00000|  0%| F|  |TAMS 0x0000000096900000, 0x0000000096900000| Untracked 
| 362|0x0000000096a00000, 0x0000000096a00000, 0x0000000096b00000|  0%| F|  |TAMS 0x0000000096a00000, 0x0000000096a00000| Untracked 
| 363|0x0000000096b00000, 0x0000000096b00000, 0x0000000096c00000|  0%| F|  |TAMS 0x0000000096b00000, 0x0000000096b00000| Untracked 
| 364|0x0000000096c00000, 0x0000000096c00000, 0x0000000096d00000|  0%| F|  |TAMS 0x0000000096c00000, 0x0000000096c00000| Untracked 
| 365|0x0000000096d00000, 0x0000000096d00000, 0x0000000096e00000|  0%| F|  |TAMS 0x0000000096d00000, 0x0000000096d00000| Untracked 
| 366|0x0000000096e00000, 0x0000000096e00000, 0x0000000096f00000|  0%| F|  |TAMS 0x0000000096e00000, 0x0000000096e00000| Untracked 
| 367|0x0000000096f00000, 0x0000000096f00000, 0x0000000097000000|  0%| F|  |TAMS 0x0000000096f00000, 0x0000000096f00000| Untracked 
| 368|0x0000000097000000, 0x0000000097000000, 0x0000000097100000|  0%| F|  |TAMS 0x0000000097000000, 0x0000000097000000| Untracked 
| 369|0x0000000097100000, 0x0000000097100000, 0x0000000097200000|  0%| F|  |TAMS 0x0000000097100000, 0x0000000097100000| Untracked 
| 370|0x0000000097200000, 0x0000000097200000, 0x0000000097300000|  0%| F|  |TAMS 0x0000000097200000, 0x0000000097200000| Untracked 
| 371|0x0000000097300000, 0x0000000097300000, 0x0000000097400000|  0%| F|  |TAMS 0x0000000097300000, 0x0000000097300000| Untracked 
| 372|0x0000000097400000, 0x0000000097400000, 0x0000000097500000|  0%| F|  |TAMS 0x0000000097400000, 0x0000000097400000| Untracked 
| 373|0x0000000097500000, 0x0000000097500000, 0x0000000097600000|  0%| F|  |TAMS 0x0000000097500000, 0x0000000097500000| Untracked 
| 374|0x0000000097600000, 0x0000000097600000, 0x0000000097700000|  0%| F|  |TAMS 0x0000000097600000, 0x0000000097600000| Untracked 
| 375|0x0000000097700000, 0x0000000097700000, 0x0000000097800000|  0%| F|  |TAMS 0x0000000097700000, 0x0000000097700000| Untracked 
| 376|0x0000000097800000, 0x0000000097800000, 0x0000000097900000|  0%| F|  |TAMS 0x0000000097800000, 0x0000000097800000| Untracked 
| 377|0x0000000097900000, 0x0000000097900000, 0x0000000097a00000|  0%| F|  |TAMS 0x0000000097900000, 0x0000000097900000| Untracked 
| 378|0x0000000097a00000, 0x0000000097b00000, 0x0000000097b00000|100%| S|CS|TAMS 0x0000000097a00000, 0x0000000097a00000| Complete 
| 379|0x0000000097b00000, 0x0000000097c00000, 0x0000000097c00000|100%| S|CS|TAMS 0x0000000097b00000, 0x0000000097b00000| Complete 
| 380|0x0000000097c00000, 0x0000000097d00000, 0x0000000097d00000|100%| S|CS|TAMS 0x0000000097c00000, 0x0000000097c00000| Complete 
| 381|0x0000000097d00000, 0x0000000097d00000, 0x0000000097e00000|  0%| F|  |TAMS 0x0000000097d00000, 0x0000000097d00000| Untracked 
| 382|0x0000000097e00000, 0x0000000097e00000, 0x0000000097f00000|  0%| F|  |TAMS 0x0000000097e00000, 0x0000000097e00000| Untracked 
| 383|0x0000000097f00000, 0x0000000097f00000, 0x0000000098000000|  0%| F|  |TAMS 0x0000000097f00000, 0x0000000097f00000| Untracked 
| 384|0x0000000098000000, 0x0000000098000000, 0x0000000098100000|  0%| F|  |TAMS 0x0000000098000000, 0x0000000098000000| Untracked 
| 385|0x0000000098100000, 0x0000000098100000, 0x0000000098200000|  0%| F|  |TAMS 0x0000000098100000, 0x0000000098100000| Untracked 
| 386|0x0000000098200000, 0x0000000098200000, 0x0000000098300000|  0%| F|  |TAMS 0x0000000098200000, 0x0000000098200000| Untracked 
| 387|0x0000000098300000, 0x0000000098300000, 0x0000000098400000|  0%| F|  |TAMS 0x0000000098300000, 0x0000000098300000| Untracked 
| 388|0x0000000098400000, 0x0000000098400000, 0x0000000098500000|  0%| F|  |TAMS 0x0000000098400000, 0x0000000098400000| Untracked 
| 389|0x0000000098500000, 0x0000000098500000, 0x0000000098600000|  0%| F|  |TAMS 0x0000000098500000, 0x0000000098500000| Untracked 
| 390|0x0000000098600000, 0x0000000098600000, 0x0000000098700000|  0%| F|  |TAMS 0x0000000098600000, 0x0000000098600000| Untracked 
| 391|0x0000000098700000, 0x0000000098700000, 0x0000000098800000|  0%| F|  |TAMS 0x0000000098700000, 0x0000000098700000| Untracked 
| 392|0x0000000098800000, 0x0000000098800000, 0x0000000098900000|  0%| F|  |TAMS 0x0000000098800000, 0x0000000098800000| Untracked 
| 393|0x0000000098900000, 0x0000000098900000, 0x0000000098a00000|  0%| F|  |TAMS 0x0000000098900000, 0x0000000098900000| Untracked 
| 394|0x0000000098a00000, 0x0000000098a00000, 0x0000000098b00000|  0%| F|  |TAMS 0x0000000098a00000, 0x0000000098a00000| Untracked 
| 395|0x0000000098b00000, 0x0000000098b00000, 0x0000000098c00000|  0%| F|  |TAMS 0x0000000098b00000, 0x0000000098b00000| Untracked 
| 396|0x0000000098c00000, 0x0000000098c00000, 0x0000000098d00000|  0%| F|  |TAMS 0x0000000098c00000, 0x0000000098c00000| Untracked 
| 397|0x0000000098d00000, 0x0000000098d00000, 0x0000000098e00000|  0%| F|  |TAMS 0x0000000098d00000, 0x0000000098d00000| Untracked 
| 398|0x0000000098e00000, 0x0000000098e00000, 0x0000000098f00000|  0%| F|  |TAMS 0x0000000098e00000, 0x0000000098e00000| Untracked 
| 399|0x0000000098f00000, 0x0000000098f00000, 0x0000000099000000|  0%| F|  |TAMS 0x0000000098f00000, 0x0000000098f00000| Untracked 
| 400|0x0000000099000000, 0x0000000099000000, 0x0000000099100000|  0%| F|  |TAMS 0x0000000099000000, 0x0000000099000000| Untracked 

Card table byte_map: [0x000000ee74860000,0x000000ee74c60000] _byte_map_base: 0x000000ee74460000

Marking Bits (Prev, Next): (CMBitMap*) 0x000000ee61b53b58, (CMBitMap*) 0x000000ee61b53b90
 Prev Bits: [0x000000ee75060000, 0x000000ee77060000)
 Next Bits: [0x000000ee77060000, 0x000000ee79060000)

Polling page: 0x000000ee5fa00000

Metaspace:

Usage:
  Non-class:    108.73 MB capacity,   106.86 MB ( 98%) used,     1.51 MB (  1%) free+waste,   366.44 KB ( <1%) overhead. 
      Class:     16.19 MB capacity,    15.11 MB ( 93%) used,   941.63 KB (  6%) free+waste,   162.63 KB ( <1%) overhead. 
       Both:    124.92 MB capacity,   121.98 MB ( 98%) used,     2.43 MB (  2%) free+waste,   529.06 KB ( <1%) overhead. 

Virtual space:
  Non-class space:      110.00 MB reserved,     109.00 MB (>99%) committed 
      Class space:        1.00 GB reserved,      16.38 MB (  2%) committed 
             Both:        1.11 GB reserved,     125.38 MB ( 11%) committed 

Chunk freelists:
   Non-Class:  145.00 KB
       Class:  93.00 KB
        Both:  238.00 KB

MaxMetaspaceSize: 17179869184.00 GB
CompressedClassSpaceSize: 1.00 GB

CodeHeap 'non-profiled nmethods': size=120064Kb used=9687Kb max_used=10101Kb free=110376Kb
 bounds [0x000000ee6cf20000, 0x000000ee6d940000, 0x000000ee74460000]
CodeHeap 'profiled nmethods': size=120000Kb used=34601Kb max_used=36165Kb free=85398Kb
 bounds [0x000000ee659f0000, 0x000000ee67d80000, 0x000000ee6cf20000]
CodeHeap 'non-nmethods': size=5696Kb used=2405Kb max_used=2463Kb free=3290Kb
 bounds [0x000000ee65460000, 0x000000ee656e0000, 0x000000ee659f0000]
 total_blobs=17502 nmethods=16433 adapters=980
 compilation: enabled
              stopped_count=0, restarted_count=0
 full_count=0

Compilation events (20 events):
Event: 775.171 Thread 0x000000ee7ba77800 nmethod 19559% 0x000000ee66083110 code [0x000000ee66083340, 0x000000ee66083998]
Event: 775.174 Thread 0x000000ee7ba77800 19562       3       com.android.tools.r8.graph.a0::k (102 bytes)
Event: 775.176 Thread 0x000000ee7ba77800 nmethod 19562 0x000000ee660d0410 code [0x000000ee660d0640, 0x000000ee660d0bf8]
Event: 775.188 Thread 0x000000ee7ba77800 19563 %     3       com.android.tools.r8.graph.E::a @ 66 (95 bytes)
Event: 775.192 Thread 0x000000ee7ba77800 nmethod 19563% 0x000000ee661b7c90 code [0x000000ee661b7ee0, 0x000000ee661b86c8]
Event: 775.193 Thread 0x000000ee7ba77800 19565       3       com.android.tools.r8.graph.E::a (95 bytes)
Event: 775.196 Thread 0x000000ee7ba77800 nmethod 19565 0x000000ee66140610 code [0x000000ee66140840, 0x000000ee66140f68]
Event: 775.821 Thread 0x000000ee7ba6e000 nmethod 19260 0x000000ee6d270790 code [0x000000ee6d270d40, 0x000000ee6d277cc0]
Event: 775.822 Thread 0x000000ee7ba6e000 19542       4       java.util.Spliterators$ArraySpliterator::forEachRemaining (68 bytes)
Event: 775.838 Thread 0x000000ee7ba6e000 nmethod 19542 0x000000ee6cf81b90 code [0x000000ee6cf81d60, 0x000000ee6cf82098]
Event: 775.838 Thread 0x000000ee7ba6e000 19557       4       com.android.tools.r8.s.a.b.m.c::b (156 bytes)
Event: 775.979 Thread 0x000000ee7ba6e000 nmethod 19557 0x000000ee6cfed690 code [0x000000ee6cfed8c0, 0x000000ee6cfef288]
Event: 775.979 Thread 0x000000ee7ba6e000 19183 %     4       com.android.tools.r8.dex.n::a @ 315 (913 bytes)
Event: 776.533 Thread 0x000000ee7ba77800 19573       3       com.android.tools.r8.w.a.a.a.h.N::g (323 bytes)
Event: 776.538 Thread 0x000000ee7ba77800 nmethod 19573 0x000000ee6621b390 code [0x000000ee6621b640, 0x000000ee6621c4f8]
Event: 776.969 Thread 0x000000ee7ba77800 19577       3       com.android.tools.r8.dex.r::b (204 bytes)
Event: 776.980 Thread 0x000000ee7ba77800 nmethod 19577 0x000000ee663d4590 code [0x000000ee663d4b80, 0x000000ee663d8468]
Event: 777.191 Thread 0x000000ee7ba77800 19580       3       com.android.tools.r8.graph.C::<init> (116 bytes)
Event: 777.200 Thread 0x000000ee7ba77800 nmethod 19580 0x000000ee66239a10 code [0x000000ee66239e20, 0x000000ee6623c008]
Event: 777.300 Thread 0x000000ee7ba77800 19583 % !   3       com.android.tools.r8.dex.r::c @ 13 (2750 bytes)

GC Heap History (20 events):
Event: 765.426 GC heap after
{Heap after GC invocations=96 (full 0):
 garbage-first heap   total 287744K, used 158191K [0x0000000080000000, 0x0000000100000000)
  region size 1024K, 8 young (8192K), 8 survivors (8192K)
 Metaspace       used 124769K, capacity 127780K, committed 128384K, reserved 1161216K
  class space    used 15466K, capacity 16567K, committed 16768K, reserved 1048576K
}
Event: 765.935 GC heap before
{Heap before GC invocations=96 (full 0):
 garbage-first heap   total 287744K, used 164335K [0x0000000080000000, 0x0000000100000000)
  region size 1024K, 14 young (14336K), 8 survivors (8192K)
 Metaspace       used 124770K, capacity 127780K, committed 128384K, reserved 1161216K
  class space    used 15466K, capacity 16567K, committed 16768K, reserved 1048576K
}
Event: 766.058 GC heap after
{Heap after GC invocations=97 (full 0):
 garbage-first heap   total 287744K, used 155056K [0x0000000080000000, 0x0000000100000000)
  region size 1024K, 2 young (2048K), 2 survivors (2048K)
 Metaspace       used 124770K, capacity 127780K, committed 128384K, reserved 1161216K
  class space    used 15466K, capacity 16567K, committed 16768K, reserved 1048576K
}
Event: 766.564 GC heap before
{Heap before GC invocations=97 (full 0):
 garbage-first heap   total 287744K, used 168368K [0x0000000080000000, 0x0000000100000000)
  region size 1024K, 14 young (14336K), 2 survivors (2048K)
 Metaspace       used 124778K, capacity 127784K, committed 128384K, reserved 1161216K
  class space    used 15467K, capacity 16569K, committed 16768K, reserved 1048576K
}
Event: 766.688 GC heap after
{Heap after GC invocations=98 (full 0):
 garbage-first heap   total 287744K, used 159744K [0x0000000080000000, 0x0000000100000000)
  region size 1024K, 2 young (2048K), 2 survivors (2048K)
 Metaspace       used 124778K, capacity 127784K, committed 128384K, reserved 1161216K
  class space    used 15467K, capacity 16569K, committed 16768K, reserved 1048576K
}
Event: 766.973 GC heap before
{Heap before GC invocations=98 (full 0):
 garbage-first heap   total 287744K, used 172032K [0x0000000080000000, 0x0000000100000000)
  region size 1024K, 14 young (14336K), 2 survivors (2048K)
 Metaspace       used 124847K, capacity 127891K, committed 128384K, reserved 1161216K
  class space    used 15474K, capacity 16579K, committed 16768K, reserved 1048576K
}
Event: 767.123 GC heap after
{Heap after GC invocations=99 (full 0):
 garbage-first heap   total 287744K, used 162255K [0x0000000080000000, 0x0000000100000000)
  region size 1024K, 2 young (2048K), 2 survivors (2048K)
 Metaspace       used 124847K, capacity 127891K, committed 128384K, reserved 1161216K
  class space    used 15474K, capacity 16579K, committed 16768K, reserved 1048576K
}
Event: 767.409 GC heap before
{Heap before GC invocations=99 (full 0):
 garbage-first heap   total 287744K, used 174543K [0x0000000080000000, 0x0000000100000000)
  region size 1024K, 14 young (14336K), 2 survivors (2048K)
 Metaspace       used 124847K, capacity 127891K, committed 128384K, reserved 1161216K
  class space    used 15474K, capacity 16579K, committed 16768K, reserved 1048576K
}
Event: 767.578 GC heap after
{Heap after GC invocations=100 (full 0):
 garbage-first heap   total 287744K, used 169984K [0x0000000080000000, 0x0000000100000000)
  region size 1024K, 2 young (2048K), 2 survivors (2048K)
 Metaspace       used 124847K, capacity 127891K, committed 128384K, reserved 1161216K
  class space    used 15474K, capacity 16579K, committed 16768K, reserved 1048576K
}
Event: 769.222 GC heap before
{Heap before GC invocations=100 (full 0):
 garbage-first heap   total 287744K, used 205824K [0x0000000080000000, 0x0000000100000000)
  region size 1024K, 38 young (38912K), 2 survivors (2048K)
 Metaspace       used 124867K, capacity 127896K, committed 128384K, reserved 1161216K
  class space    used 15474K, capacity 16579K, committed 16768K, reserved 1048576K
}
Event: 769.638 GC heap after
{Heap after GC invocations=101 (full 0):
 garbage-first heap   total 410624K, used 179920K [0x0000000080000000, 0x0000000100000000)
  region size 1024K, 5 young (5120K), 5 survivors (5120K)
 Metaspace       used 124867K, capacity 127896K, committed 128384K, reserved 1161216K
  class space    used 15474K, capacity 16579K, committed 16768K, reserved 1048576K
}
Event: 770.293 GC heap before
{Heap before GC invocations=101 (full 0):
 garbage-first heap   total 410624K, used 196304K [0x0000000080000000, 0x0000000100000000)
  region size 1024K, 20 young (20480K), 5 survivors (5120K)
 Metaspace       used 124869K, capacity 127896K, committed 128384K, reserved 1161216K
  class space    used 15474K, capacity 16579K, committed 16768K, reserved 1048576K
}
Event: 774.880 GC heap after
{Heap after GC invocations=102 (full 0):
 garbage-first heap   total 410624K, used 186298K [0x0000000080000000, 0x0000000100000000)
  region size 1024K, 3 young (3072K), 3 survivors (3072K)
 Metaspace       used 124869K, capacity 127896K, committed 128384K, reserved 1161216K
  class space    used 15474K, capacity 16579K, committed 16768K, reserved 1048576K
}
Event: 776.608 GC heap before
{Heap before GC invocations=103 (full 0):
 garbage-first heap   total 410624K, used 212922K [0x0000000080000000, 0x0000000100000000)
  region size 1024K, 20 young (20480K), 3 survivors (3072K)
 Metaspace       used 124876K, capacity 127896K, committed 128384K, reserved 1161216K
  class space    used 15474K, capacity 16579K, committed 16768K, reserved 1048576K
}
Event: 776.702 GC heap after
{Heap after GC invocations=104 (full 0):
 garbage-first heap   total 410624K, used 200227K [0x0000000080000000, 0x0000000100000000)
  region size 1024K, 3 young (3072K), 3 survivors (3072K)
 Metaspace       used 124876K, capacity 127896K, committed 128384K, reserved 1161216K
  class space    used 15474K, capacity 16579K, committed 16768K, reserved 1048576K
}
Event: 776.863 GC heap before
{Heap before GC invocations=104 (full 0):
 garbage-first heap   total 410624K, used 217635K [0x0000000080000000, 0x0000000100000000)
  region size 1024K, 20 young (20480K), 3 survivors (3072K)
 Metaspace       used 124876K, capacity 127896K, committed 128384K, reserved 1161216K
  class space    used 15474K, capacity 16579K, committed 16768K, reserved 1048576K
}
Event: 776.885 GC heap after
{Heap after GC invocations=105 (full 0):
 garbage-first heap   total 410624K, used 200415K [0x0000000080000000, 0x0000000100000000)
  region size 1024K, 2 young (2048K), 2 survivors (2048K)
 Metaspace       used 124876K, capacity 127896K, committed 128384K, reserved 1161216K
  class space    used 15474K, capacity 16579K, committed 16768K, reserved 1048576K
}
Event: 776.994 GC heap before
{Heap before GC invocations=105 (full 0):
 garbage-first heap   total 410624K, used 202463K [0x0000000080000000, 0x0000000100000000)
  region size 1024K, 5 young (5120K), 2 survivors (2048K)
 Metaspace       used 124876K, capacity 127896K, committed 128384K, reserved 1161216K
  class space    used 15474K, capacity 16579K, committed 16768K, reserved 1048576K
}
Event: 777.097 GC heap after
{Heap after GC invocations=106 (full 0):
 garbage-first heap   total 410624K, used 202739K [0x0000000080000000, 0x0000000100000000)
  region size 1024K, 2 young (2048K), 2 survivors (2048K)
 Metaspace       used 124876K, capacity 127896K, committed 128384K, reserved 1161216K
  class space    used 15474K, capacity 16579K, committed 16768K, reserved 1048576K
}
Event: 777.440 GC heap before
{Heap before GC invocations=106 (full 0):
 garbage-first heap   total 410624K, used 226291K [0x0000000080000000, 0x0000000100000000)
  region size 1024K, 20 young (20480K), 2 survivors (2048K)
 Metaspace       used 124902K, capacity 127922K, committed 128384K, reserved 1161216K
  class space    used 15474K, capacity 16579K, committed 16768K, reserved 1048576K
}

Deoptimization events (20 events):
Event: 776.476 Thread 0x000000ee105d6800 DEOPT PACKING pc=0x000000ee66f20ec8 sp=0x000000ee07b1eb80
Event: 776.476 Thread 0x000000ee105d6800 DEOPT UNPACKING pc=0x000000ee6548724e sp=0x000000ee07b1e068 mode 0
Event: 776.545 Thread 0x000000ee105d6800 DEOPT PACKING pc=0x000000ee6778be5b sp=0x000000ee07b1e9a0
Event: 776.545 Thread 0x000000ee105d6800 DEOPT UNPACKING pc=0x000000ee6548724e sp=0x000000ee07b1df08 mode 0
Event: 776.576 Thread 0x000000ee105d6800 DEOPT PACKING pc=0x000000ee6778be5b sp=0x000000ee07b1e9a0
Event: 776.576 Thread 0x000000ee105d6800 DEOPT UNPACKING pc=0x000000ee6548724e sp=0x000000ee07b1df08 mode 0
Event: 776.726 Thread 0x000000ee105d6800 DEOPT PACKING pc=0x000000ee6778be5b sp=0x000000ee07b1e9f0
Event: 776.726 Thread 0x000000ee105d6800 DEOPT UNPACKING pc=0x000000ee6548724e sp=0x000000ee07b1df58 mode 0
Event: 776.729 Thread 0x000000ee105d6800 DEOPT PACKING pc=0x000000ee6778a5e9 sp=0x000000ee07b1e920
Event: 776.729 Thread 0x000000ee105d6800 DEOPT UNPACKING pc=0x000000ee6548724e sp=0x000000ee07b1df58 mode 0
Event: 776.808 Thread 0x000000ee105d6800 DEOPT PACKING pc=0x000000ee6778be5b sp=0x000000ee07b1e9a0
Event: 776.808 Thread 0x000000ee105d6800 DEOPT UNPACKING pc=0x000000ee6548724e sp=0x000000ee07b1df08 mode 0
Event: 776.972 Thread 0x000000ee105d6800 DEOPT PACKING pc=0x000000ee6778be5b sp=0x000000ee07b1ed30
Event: 776.972 Thread 0x000000ee105d6800 DEOPT UNPACKING pc=0x000000ee6548724e sp=0x000000ee07b1e298 mode 0
Event: 776.977 Thread 0x000000ee105d6800 DEOPT PACKING pc=0x000000ee6778be5b sp=0x000000ee07b1ed30
Event: 776.977 Thread 0x000000ee105d6800 DEOPT UNPACKING pc=0x000000ee6548724e sp=0x000000ee07b1e298 mode 0
Event: 777.127 Thread 0x000000ee105d6800 DEOPT PACKING pc=0x000000ee6778be5b sp=0x000000ee07b1ed30
Event: 777.127 Thread 0x000000ee105d6800 DEOPT UNPACKING pc=0x000000ee6548724e sp=0x000000ee07b1e298 mode 0
Event: 777.191 Thread 0x000000ee105d6800 DEOPT PACKING pc=0x000000ee66451799 sp=0x000000ee07b1ed10
Event: 777.191 Thread 0x000000ee105d6800 DEOPT UNPACKING pc=0x000000ee6548724e sp=0x000000ee07b1e2d8 mode 0

Classes redefined (0 events):
No events

Internal exceptions (20 events):
Event: 740.289 Thread 0x000000ee7ef1a800 Exception <a 'java/lang/NoSuchMethodError'{0x0000000091382390}: 'java.lang.Object java.lang.invoke.DirectMethodHandle$Holder.invokeVirtual(java.lang.Object, java.lang.Object, int, java.lang.Object)'> (0x0000000091382390) thrown at [./src/hotspot/share/interpreter/linkResolver.cpp, line 773]
Event: 740.289 Thread 0x000000ee105cd800 Exception <a 'java/lang/NoSuchMethodError'{0x00000000918f39a8}: 'java.lang.Object java.lang.invoke.DirectMethodHandle$Holder.invokeVirtual(java.lang.Object, java.lang.Object, int, java.lang.Object)'> (0x00000000918f39a8) thrown at [./src/hotspot/share/interpreter/linkResolver.cpp, line 773]
Event: 740.289 Thread 0x000000ee7d621800 Exception <a 'java/lang/NoSuchMethodError'{0x00000000913ef3c8}: 'java.lang.Object java.lang.invoke.DirectMethodHandle$Holder.invokeVirtual(java.lang.Object, java.lang.Object, int, java.lang.Object)'> (0x00000000913ef3c8) thrown at [./src/hotspot/share/interpreter/linkResolver.cpp, line 773]
Event: 740.317 Thread 0x000000ee7ef1a800 Exception <a 'java/lang/NoSuchMethodError'{0x00000000913c3d88}: 'void java.lang.invoke.DirectMethodHandle$Holder.invokeVirtual(java.lang.Object, java.lang.Object, int, java.lang.Object)'> (0x00000000913c3d88) thrown at [./src/hotspot/share/interpreter/linkResolver.cpp, line 773]
Event: 740.317 Thread 0x000000ee105cd800 Exception <a 'java/lang/NoSuchMethodError'{0x000000009120d978}: 'void java.lang.invoke.DirectMethodHandle$Holder.invokeVirtual(java.lang.Object, java.lang.Object, int, java.lang.Object)'> (0x000000009120d978) thrown at [./src/hotspot/share/interpreter/linkResolver.cpp, line 773]
Event: 740.317 Thread 0x000000ee7d621800 Exception <a 'java/lang/NoSuchMethodError'{0x00000000913f74e0}: 'void java.lang.invoke.DirectMethodHandle$Holder.invokeVirtual(java.lang.Object, java.lang.Object, int, java.lang.Object)'> (0x00000000913f74e0) thrown at [./src/hotspot/share/interpreter/linkResolver.cpp, line 773]
Event: 742.224 Thread 0x000000ee105cd800 Exception <a 'sun/nio/fs/WindowsException'{0x000000008fdf5e88}> (0x000000008fdf5e88) thrown at [./src/hotspot/share/prims/jni.cpp, line 615]
Event: 742.224 Thread 0x000000ee105cd800 Exception <a 'sun/nio/fs/WindowsException'{0x000000008fdf6630}> (0x000000008fdf6630) thrown at [./src/hotspot/share/prims/jni.cpp, line 615]
Event: 742.225 Thread 0x000000ee105cd800 Exception <a 'sun/nio/fs/WindowsException'{0x000000008fdf67b0}> (0x000000008fdf67b0) thrown at [./src/hotspot/share/prims/jni.cpp, line 615]
Event: 742.225 Thread 0x000000ee105cd800 Exception <a 'sun/nio/fs/WindowsException'{0x000000008fdf74c0}> (0x000000008fdf74c0) thrown at [./src/hotspot/share/prims/jni.cpp, line 615]
Event: 742.225 Thread 0x000000ee105cd800 Exception <a 'sun/nio/fs/WindowsException'{0x000000008fdf7630}> (0x000000008fdf7630) thrown at [./src/hotspot/share/prims/jni.cpp, line 615]
Event: 742.226 Thread 0x000000ee105cd800 Exception <a 'sun/nio/fs/WindowsException'{0x000000008fdf8338}> (0x000000008fdf8338) thrown at [./src/hotspot/share/prims/jni.cpp, line 615]
Event: 742.250 Thread 0x000000ee105cd800 Exception <a 'sun/nio/fs/WindowsException'{0x000000008fdf9f78}> (0x000000008fdf9f78) thrown at [./src/hotspot/share/prims/jni.cpp, line 615]
Event: 742.256 Thread 0x000000ee105cd800 Exception <a 'sun/nio/fs/WindowsException'{0x000000008fcf10c0}> (0x000000008fcf10c0) thrown at [./src/hotspot/share/prims/jni.cpp, line 615]
Event: 742.310 Thread 0x000000ee7d621800 Exception <a 'sun/nio/fs/WindowsException'{0x000000008fa0d780}> (0x000000008fa0d780) thrown at [./src/hotspot/share/prims/jni.cpp, line 615]
Event: 742.323 Thread 0x000000ee105cd800 Exception <a 'sun/nio/fs/WindowsException'{0x000000008fcf86b0}> (0x000000008fcf86b0) thrown at [./src/hotspot/share/prims/jni.cpp, line 615]
Event: 742.335 Thread 0x000000ee7d621800 Exception <a 'sun/nio/fs/WindowsException'{0x000000008fa134a0}> (0x000000008fa134a0) thrown at [./src/hotspot/share/prims/jni.cpp, line 615]
Event: 742.390 Thread 0x000000ee7d621800 Exception <a 'sun/nio/fs/WindowsException'{0x000000008fa1a658}> (0x000000008fa1a658) thrown at [./src/hotspot/share/prims/jni.cpp, line 615]
Event: 748.607 Thread 0x000000ee7ef1a800 Exception <a 'sun/nio/fs/WindowsException'{0x0000000091771470}> (0x0000000091771470) thrown at [./src/hotspot/share/prims/jni.cpp, line 615]
Event: 749.007 Thread 0x000000ee105cd000 Implicit null exception at 0x000000ee6d073950 to 0x000000ee6d073964

Events (20 events):
Event: 767.846 Executing coalesced safepoint VM operation: RevokeBias
Event: 767.846 Executing coalesced safepoint VM operation: RevokeBias done
Event: 767.846 Executing VM operation: RevokeBias done
Event: 768.097 Executing VM operation: RevokeBias
Event: 768.098 Executing VM operation: RevokeBias done
Event: 769.053 Executing VM operation: G1CollectForAllocation
Event: 769.638 Executing VM operation: G1CollectForAllocation done
Event: 769.861 Executing VM operation: CGC_Operation
Event: 769.918 Executing VM operation: CGC_Operation done
Event: 770.292 Executing VM operation: G1CollectForAllocation
Event: 774.880 Executing VM operation: G1CollectForAllocation done
Event: 775.418 Executing VM operation: CGC_Operation
Event: 775.419 Executing VM operation: CGC_Operation done
Event: 776.608 Executing VM operation: G1CollectForAllocation
Event: 776.702 Executing VM operation: G1CollectForAllocation done
Event: 776.863 Executing VM operation: G1CollectForAllocation
Event: 776.885 Executing VM operation: G1CollectForAllocation done
Event: 776.994 Executing VM operation: G1CollectForAllocation
Event: 777.097 Executing VM operation: G1CollectForAllocation done
Event: 777.440 Executing VM operation: G1CollectForAllocation


Dynamic libraries:
0x00007ff7e0e60000 - 0x00007ff7e0e6a000 	C:\Program Files\Android\Android Studio\jre\bin\java.exe
0x00007fff4b690000 - 0x00007fff4b83d000 	C:\Windows\SYSTEM32\ntdll.dll
0x00007fff49740000 - 0x00007fff4987f000 	C:\Windows\system32\KERNEL32.DLL
0x00007fff48880000 - 0x00007fff48995000 	C:\Windows\system32\KERNELBASE.dll
0x00007fff42c20000 - 0x00007fff42c39000 	C:\Program Files\Android\Android Studio\jre\bin\jli.dll
0x00007fff42990000 - 0x00007fff429a7000 	C:\Program Files\Android\Android Studio\jre\bin\VCRUNTIME140.dll
0x00007fff464d0000 - 0x00007fff464d4000 	C:\Windows\SYSTEM32\api-ms-win-crt-stdio-l1-1-0.dll
0x00007fff3ae10000 - 0x00007fff3ae14000 	C:\Windows\SYSTEM32\api-ms-win-crt-runtime-l1-1-0.dll
0x00007fff396c0000 - 0x00007fff396c3000 	C:\Windows\SYSTEM32\api-ms-win-crt-environment-l1-1-0.dll
0x00007fff37eb0000 - 0x00007fff37eb5000 	C:\Windows\SYSTEM32\api-ms-win-crt-math-l1-1-0.dll
0x00007fff32920000 - 0x00007fff32923000 	C:\Windows\SYSTEM32\api-ms-win-crt-locale-l1-1-0.dll
0x00007fff35580000 - 0x00007fff35583000 	C:\Windows\SYSTEM32\api-ms-win-crt-heap-l1-1-0.dll
0x00007fff430b0000 - 0x00007fff4332b000 	C:\Windows\WinSxS\amd64_microsoft.windows.common-controls_6595b64144ccf1df_6.0.9600.19394_none_62486577ecb635cf\COMCTL32.dll
0x00007fff495c0000 - 0x00007fff49737000 	C:\Windows\system32\USER32.dll
0x00007fff37d60000 - 0x00007fff37d63000 	C:\Windows\SYSTEM32\api-ms-win-crt-filesystem-l1-1-0.dll
0x00007fff3b3b0000 - 0x00007fff3b3b4000 	C:\Windows\SYSTEM32\api-ms-win-crt-string-l1-1-0.dll
0x00007fff3a390000 - 0x00007fff3a394000 	C:\Windows\SYSTEM32\api-ms-win-crt-convert-l1-1-0.dll
0x00007fff4af90000 - 0x00007fff4b03a000 	C:\Windows\system32\msvcrt.dll
0x00007fff48f90000 - 0x00007fff490de000 	C:\Windows\system32\GDI32.dll
0x00007fff2e900000 - 0x00007fff2e9f4000 	C:\Windows\SYSTEM32\ucrtbase.DLL
0x00007fff4b5f0000 - 0x00007fff4b626000 	C:\Windows\system32\IMM32.DLL
0x00007fff4b040000 - 0x00007fff4b191000 	C:\Windows\system32\MSCTF.dll
0x00007fff3c870000 - 0x00007fff3c90d000 	C:\Program Files\Android\Android Studio\jre\bin\msvcp140.dll
0x00007fff32910000 - 0x00007fff32915000 	C:\Windows\SYSTEM32\api-ms-win-crt-multibyte-l1-1-0.dll
0x00007fff35590000 - 0x00007fff35593000 	C:\Windows\SYSTEM32\api-ms-win-crt-time-l1-1-0.dll
0x00007fff39530000 - 0x00007fff39533000 	C:\Windows\SYSTEM32\api-ms-win-crt-utility-l1-1-0.dll
0x00007fff29640000 - 0x00007fff2a0fc000 	C:\Program Files\Android\Android Studio\jre\bin\server\jvm.dll
0x00007fff492c0000 - 0x00007fff4936a000 	C:\Windows\system32\ADVAPI32.dll
0x00007fff3f760000 - 0x00007fff3f769000 	C:\Windows\SYSTEM32\WSOCK32.dll
0x00007fff3f840000 - 0x00007fff3f862000 	C:\Windows\SYSTEM32\WINMM.dll
0x00007fff458a0000 - 0x00007fff458aa000 	C:\Windows\SYSTEM32\VERSION.dll
0x00007fff4af80000 - 0x00007fff4af87000 	C:\Windows\system32\PSAPI.DLL
0x00007fff48d10000 - 0x00007fff48d68000 	C:\Windows\SYSTEM32\sechost.dll
0x00007fff49480000 - 0x00007fff495ba000 	C:\Windows\system32\RPCRT4.dll
0x00007fff4b630000 - 0x00007fff4b68a000 	C:\Windows\system32\WS2_32.dll
0x00007fff3f810000 - 0x00007fff3f83a000 	C:\Windows\SYSTEM32\WINMMBASE.dll
0x00007fff48c30000 - 0x00007fff48c5e000 	C:\Windows\system32\SspiCli.dll
0x00007fff49470000 - 0x00007fff49479000 	C:\Windows\system32\NSI.dll
0x00007fff489a0000 - 0x00007fff489ef000 	C:\Windows\SYSTEM32\cfgmgr32.dll
0x00007fff475d0000 - 0x00007fff475f8000 	C:\Windows\SYSTEM32\DEVOBJ.dll
0x00007fff33960000 - 0x00007fff33971000 	C:\Program Files\Android\Android Studio\jre\bin\verify.dll
0x00007fff32760000 - 0x00007fff328e9000 	C:\Windows\SYSTEM32\DBGHELP.DLL
0x00007fff33610000 - 0x00007fff33639000 	C:\Program Files\Android\Android Studio\jre\bin\java.dll
0x00007fff33950000 - 0x00007fff3395b000 	C:\Program Files\Android\Android Studio\jre\bin\jimage.dll
0x00007fff335f0000 - 0x00007fff33608000 	C:\Program Files\Android\Android Studio\jre\bin\zip.dll
0x00007fff49880000 - 0x00007fff4adae000 	C:\Windows\system32\SHELL32.dll
0x00007fff48d70000 - 0x00007fff48f81000 	C:\Windows\SYSTEM32\combase.dll
0x00007fff490e0000 - 0x00007fff49134000 	C:\Windows\system32\SHLWAPI.dll
0x00007fff46170000 - 0x00007fff46222000 	C:\Windows\SYSTEM32\SHCORE.dll
0x00007fff487b0000 - 0x00007fff487c5000 	C:\Windows\SYSTEM32\profapi.dll
0x00007fff335d0000 - 0x00007fff335ea000 	C:\Program Files\Android\Android Studio\jre\bin\net.dll
0x00007fff3ffd0000 - 0x00007fff40099000 	C:\Windows\SYSTEM32\WINHTTP.dll
0x00007fff47ff0000 - 0x00007fff48049000 	C:\Windows\system32\mswsock.dll
0x00007fff335b0000 - 0x00007fff335c4000 	C:\Program Files\Android\Android Studio\jre\bin\nio.dll
0x00007fff429b0000 - 0x00007fff429d7000 	C:\Users\machindra\.gradle\native\fdc75f09e3144964f2cf3f50f0aa648679c211496f362492102eb8c894070792\windows-amd64\native-platform.dll
0x00007fff2d2c0000 - 0x00007fff2d456000 	C:\Users\machindra\.gradle\native\12488b8bf47d2d4c9fbf2f6322a914ad602e24e48041cd04a747c6da556b65c4\windows-amd64\native-platform-file-events.dll
0x00007fff335a0000 - 0x00007fff335aa000 	C:\Program Files\Android\Android Studio\jre\bin\management.dll
0x00007fff33590000 - 0x00007fff3359c000 	C:\Program Files\Android\Android Studio\jre\bin\management_ext.dll
0x00007fff48050000 - 0x00007fff48070000 	C:\Windows\SYSTEM32\CRYPTSP.dll
0x00007fff47c70000 - 0x00007fff47ca6000 	C:\Windows\system32\rsaenh.dll
0x00007fff48290000 - 0x00007fff482b6000 	C:\Windows\SYSTEM32\bcrypt.dll
0x00007fff47d80000 - 0x00007fff47da1000 	C:\Windows\SYSTEM32\USERENV.dll
0x00007fff485b0000 - 0x00007fff48613000 	C:\Windows\system32\bcryptprimitives.dll
0x00007fff48620000 - 0x00007fff4862b000 	C:\Windows\SYSTEM32\CRYPTBASE.dll
0x00007fff45e90000 - 0x00007fff45eba000 	C:\Windows\SYSTEM32\IPHLPAPI.DLL
0x00007fff45e80000 - 0x00007fff45e8a000 	C:\Windows\SYSTEM32\WINNSI.DLL
0x00007fff448c0000 - 0x00007fff448d6000 	C:\Windows\SYSTEM32\dhcpcsvc6.DLL
0x00007fff448f0000 - 0x00007fff4490a000 	C:\Windows\SYSTEM32\dhcpcsvc.DLL
0x00007fff2e750000 - 0x00007fff2e8f2000 	C:\Program Files\Android\Android Studio\jre\bin\awt.dll
0x00007fff46390000 - 0x00007fff463b1000 	C:\Windows\SYSTEM32\dwmapi.dll
0x00007fff4b520000 - 0x00007fff4b5e6000 	C:\Windows\system32\OLEAUT32.dll
0x00007fff474c0000 - 0x00007fff4754e000 	C:\Windows\system32\apphelp.dll
0x00007fff471c0000 - 0x00007fff472e9000 	C:\Windows\system32\uxtheme.dll
0x00007fff46120000 - 0x00007fff4613e000 	C:\Users\machindra\AppData\Local\Temp\native-platform15074187504176508380dir\native-platform.dll
0x00007fff46a70000 - 0x00007fff46a78000 	C:\Program Files\Android\Android Studio\jre\bin\rmi.dll

dbghelp: loaded successfully - version: 4.0.5 - missing functions: none
symbol engine: initialized successfully - sym options: 0x614 - pdb path: .;C:\Program Files\Android\Android Studio\jre\bin;C:\Windows\SYSTEM32;C:\Windows\WinSxS\amd64_microsoft.windows.common-controls_6595b64144ccf1df_6.0.9600.19394_none_62486577ecb635cf;C:\Program Files\Android\Android Studio\jre\bin\server;C:\Users\machindra\.gradle\native\fdc75f09e3144964f2cf3f50f0aa648679c211496f362492102eb8c894070792\windows-amd64;C:\Users\machindra\.gradle\native\12488b8bf47d2d4c9fbf2f6322a914ad602e24e48041cd04a747c6da556b65c4\windows-amd64;C:\Users\machindra\AppData\Local\Temp\native-platform15074187504176508380dir

VM Arguments:
jvm_args: --add-opens=java.base/java.util=ALL-UNNAMED --add-opens=java.base/java.lang=ALL-UNNAMED --add-opens=java.base/java.lang.invoke=ALL-UNNAMED --add-opens=java.prefs/java.util.prefs=ALL-UNNAMED -Xmx2048m -Dfile.encoding=UTF-8 -Duser.country=US -Duser.language=en -Duser.variant 
java_command: org.gradle.launcher.daemon.bootstrap.GradleDaemon 6.7.1
java_class_path (initial): C:\Users\machindra\.gradle\wrapper\dists\gradle-6.7.1-bin\bwlcbys1h7rz3272sye1xwiv6\gradle-6.7.1\lib\gradle-launcher-6.7.1.jar
Launcher Type: SUN_STANDARD

[Global flags]
     intx CICompilerCount                          = 3                                         {product} {ergonomic}
     uint ConcGCThreads                            = 1                                         {product} {ergonomic}
     uint G1ConcRefinementThreads                  = 4                                         {product} {ergonomic}
   size_t G1HeapRegionSize                         = 1048576                                   {product} {ergonomic}
    uintx GCDrainStackTargetSize                   = 64                                        {product} {ergonomic}
   size_t InitialHeapSize                          = 67108864                                  {product} {ergonomic}
   size_t MarkStackSize                            = 4194304                                   {product} {ergonomic}
   size_t MaxHeapSize                              = 2147483648                                {product} {command line}
   size_t MaxNewSize                               = 1287651328                                {product} {ergonomic}
   size_t MinHeapDeltaBytes                        = 1048576                                   {product} {ergonomic}
    uintx NonNMethodCodeHeapSize                   = 5830732                                {pd product} {ergonomic}
    uintx NonProfiledCodeHeapSize                  = 122913754                              {pd product} {ergonomic}
    uintx ProfiledCodeHeapSize                     = 122913754                              {pd product} {ergonomic}
    uintx ReservedCodeCacheSize                    = 251658240                              {pd product} {ergonomic}
     bool SegmentedCodeCache                       = true                                      {product} {ergonomic}
     bool UseCompressedClassPointers               = true                                 {lp64_product} {ergonomic}
     bool UseCompressedOops                        = true                                 {lp64_product} {ergonomic}
     bool UseG1GC                                  = true                                      {product} {ergonomic}
     bool UseLargePagesIndividualAllocation        = false                                  {pd product} {ergonomic}

Logging:
Log output configuration:
 #0: stdout all=warning uptime,level,tags
 #1: stderr all=off uptime,level,tags

Environment Variables:
JAVA_HOME=C:\Program Files\Java\jdk-16.0.1
PATH=C:\Users\machindra\AppData\Local\Android\Sdk\platform-tools;
USERNAME=machindra
OS=Windows_NT
PROCESSOR_IDENTIFIER=Intel64 Family 6 Model 58 Stepping 9, GenuineIntel



---------------  S Y S T E M  ---------------

OS: Windows 8.1 , 64 bit Build 9600 (6.3.9600.19994)
OS uptime: 7 days 20:13 hours

CPU:total 4 (initial active 4) (2 cores per cpu, 2 threads per core) family 6 model 58 stepping 9, cmov, cx8, fxsr, mmx, sse, sse2, sse3, ssse3, sse4.1, sse4.2, popcnt, avx, clmul, erms, ht, tsc, tscinvbit, tscinv

Memory: 4k page, system-wide physical 3971M (156M free)
TotalPageFile size 7043M (AvailPageFile size 224M)
current process WorkingSet (physical memory assigned to process): 559M, peak: 590M
current process commit charge ("private bytes"): 773M, peak: 1436M

vm_info: OpenJDK 64-Bit Server VM (11.0.8+10-b944.6842174) for windows-amd64 JRE (11.0.8+10-b944.6842174), built on Sep 19 2020 01:11:42 by "builder" with MS VC++ 14.0 (VS2015)

END.
